[ 2016-07-29T15:00:39+08:00 ] 192.168.11.117 /easysocial/index.php/Home/Index/index
INFO: [ app_init ] --START--
INFO: Run Behavior\BuildLiteBehavior [ RunTime:0.000032s ]
INFO: [ app_init ] --END-- [ RunTime:0.052261s ]
INFO: [ app_begin ] --START--
INFO: Run Behavior\ReadHtmlCacheBehavior [ RunTime:0.016585s ]
INFO: [ app_begin ] --END-- [ RunTime:0.016749s ]
INFO: [ app_end ] --START--
INFO: Run Behavior\ShowPageTraceBehavior [ RunTime:0.015552s ]
INFO: [ app_end ] --END-- [ RunTime:0.015732s ]

[ 2016-07-29T15:02:58+08:00 ] 192.168.11.117 /easysocial/index.php/Home/Index/index
INFO: [ app_init ] --START--
INFO: Run Behavior\BuildLiteBehavior [ RunTime:0.000027s ]
INFO: [ app_init ] --END-- [ RunTime:0.000448s ]
INFO: [ app_begin ] --START--
INFO: Run Behavior\ReadHtmlCacheBehavior [ RunTime:0.000473s ]
INFO: [ app_begin ] --END-- [ RunTime:0.000596s ]
INFO: [ app_end ] --START--
INFO: Run Behavior\ShowPageTraceBehavior [ RunTime:0.000626s ]
INFO: [ app_end ] --END-- [ RunTime:0.000773s ]

[ 2016-07-29T15:04:10+08:00 ] 192.168.11.117 /easysocial/index.php/Home/Index/index
INFO: [ app_init ] --START--
INFO: Run Behavior\BuildLiteBehavior [ RunTime:0.000025s ]
INFO: [ app_init ] --END-- [ RunTime:0.000358s ]
INFO: [ app_begin ] --START--
INFO: Run Behavior\ReadHtmlCacheBehavior [ RunTime:0.000410s ]
INFO: [ app_begin ] --END-- [ RunTime:0.000536s ]
INFO: [ app_end ] --START--
INFO: Run Behavior\ShowPageTraceBehavior [ RunTime:0.000560s ]
INFO: [ app_end ] --END-- [ RunTime:0.000711s ]

[ 2016-07-29T15:04:33+08:00 ] 192.168.11.117 /easysocial/index.php/Home/Index/index
INFO: [ app_init ] --START--
INFO: Run Behavior\BuildLiteBehavior [ RunTime:0.000026s ]
INFO: [ app_init ] --END-- [ RunTime:0.000375s ]
INFO: [ app_begin ] --START--
INFO: Run Behavior\ReadHtmlCacheBehavior [ RunTime:0.000388s ]
INFO: [ app_begin ] --END-- [ RunTime:0.000507s ]
NOTIC: [8] Trying to get property of non-object D:\www\easysocial\Application\Home\Controller\IndexController.class.php 第 25 行.
INFO: [ app_end ] --START--
INFO: Run Behavior\ShowPageTraceBehavior [ RunTime:0.000581s ]
INFO: [ app_end ] --END-- [ RunTime:0.000738s ]

[ 2016-07-29T15:04:49+08:00 ] 192.168.11.117 /easysocial/index.php/Home/Index/index
INFO: [ app_init ] --START--
INFO: Run Behavior\BuildLiteBehavior [ RunTime:0.000052s ]
INFO: [ app_init ] --END-- [ RunTime:0.000401s ]
INFO: [ app_begin ] --START--
INFO: Run Behavior\ReadHtmlCacheBehavior [ RunTime:0.000426s ]
INFO: [ app_begin ] --END-- [ RunTime:0.000589s ]
INFO: [ app_end ] --START--
INFO: Run Behavior\ShowPageTraceBehavior [ RunTime:0.000545s ]
INFO: [ app_end ] --END-- [ RunTime:0.000747s ]

[ 2016-07-29T15:14:21+08:00 ] 192.168.11.117 /easysocial/index.php/Home/Index/index
INFO: [ app_init ] --START--
INFO: Run Behavior\BuildLiteBehavior [ RunTime:0.000032s ]
INFO: [ app_init ] --END-- [ RunTime:0.017233s ]
INFO: [ app_begin ] --START--
INFO: Run Behavior\ReadHtmlCacheBehavior [ RunTime:0.021364s ]
INFO: [ app_begin ] --END-- [ RunTime:0.021506s ]
NOTIC: [8] Use of undefined constant mp4 - assumed 'mp4' D:\www\easysocial\Application\Home\Controller\IndexController.class.php 第 25 行.
INFO: [ app_end ] --START--
INFO: Run Behavior\ShowPageTraceBehavior [ RunTime:0.019541s ]
INFO: [ app_end ] --END-- [ RunTime:0.019701s ]

[ 2016-07-29T15:14:40+08:00 ] 192.168.11.117 /easysocial/index.php/Home/Index/index
INFO: [ app_init ] --START--
INFO: Run Behavior\BuildLiteBehavior [ RunTime:0.000024s ]
INFO: [ app_init ] --END-- [ RunTime:0.000384s ]
INFO: [ app_begin ] --START--
INFO: Run Behavior\ReadHtmlCacheBehavior [ RunTime:0.000345s ]
INFO: [ app_begin ] --END-- [ RunTime:0.000457s ]
INFO: [ app_end ] --START--
INFO: Run Behavior\ShowPageTraceBehavior [ RunTime:0.000533s ]
INFO: [ app_end ] --END-- [ RunTime:0.000718s ]

[ 2016-07-29T15:14:42+08:00 ] 192.168.11.117 /easysocial/index.php/Home/Index/index
INFO: [ app_init ] --START--
INFO: Run Behavior\BuildLiteBehavior [ RunTime:0.000024s ]
INFO: [ app_init ] --END-- [ RunTime:0.000342s ]
INFO: [ app_begin ] --START--
INFO: Run Behavior\ReadHtmlCacheBehavior [ RunTime:0.000345s ]
INFO: [ app_begin ] --END-- [ RunTime:0.000483s ]
INFO: [ app_end ] --START--
INFO: Run Behavior\ShowPageTraceBehavior [ RunTime:0.000607s ]
INFO: [ app_end ] --END-- [ RunTime:0.000788s ]

[ 2016-07-29T15:16:29+08:00 ] 192.168.11.117 /easysocial/index.php/Home/Index/index
INFO: [ app_init ] --START--
INFO: Run Behavior\BuildLiteBehavior [ RunTime:0.000027s ]
INFO: [ app_init ] --END-- [ RunTime:0.000423s ]
INFO: [ app_begin ] --START--
INFO: Run Behavior\ReadHtmlCacheBehavior [ RunTime:0.000472s ]
INFO: [ app_begin ] --END-- [ RunTime:0.000612s ]
INFO: [ app_end ] --START--
INFO: Run Behavior\ShowPageTraceBehavior [ RunTime:0.000650s ]
INFO: [ app_end ] --END-- [ RunTime:0.000827s ]

[ 2016-07-29T15:16:42+08:00 ] 192.168.11.117 /easysocial/index.php/Home/Index/index
INFO: [ app_init ] --START--
INFO: Run Behavior\BuildLiteBehavior [ RunTime:0.000024s ]
INFO: [ app_init ] --END-- [ RunTime:0.000379s ]
INFO: [ app_begin ] --START--
INFO: Run Behavior\ReadHtmlCacheBehavior [ RunTime:0.000402s ]
INFO: [ app_begin ] --END-- [ RunTime:0.000538s ]
INFO: [ app_end ] --START--
INFO: Run Behavior\ShowPageTraceBehavior [ RunTime:0.000543s ]
INFO: [ app_end ] --END-- [ RunTime:0.000711s ]

[ 2016-07-29T15:37:42+08:00 ] 192.168.11.117 /easysocial/index.php/Home/Index/index
INFO: [ app_init ] --START--
INFO: Run Behavior\BuildLiteBehavior [ RunTime:0.000038s ]
INFO: [ app_init ] --END-- [ RunTime:0.674737s ]
INFO: [ app_begin ] --START--
INFO: Run Behavior\ReadHtmlCacheBehavior [ RunTime:0.018065s ]
INFO: [ app_begin ] --END-- [ RunTime:0.018223s ]
NOTIC: [8] Undefined property: stdClass::$mp4 D:\www\easysocial\Application\Home\Controller\IndexController.class.php 第 25 行.
INFO: [ app_end ] --START--
INFO: Run Behavior\ShowPageTraceBehavior [ RunTime:0.043542s ]
INFO: [ app_end ] --END-- [ RunTime:0.043702s ]

[ 2016-07-29T15:38:07+08:00 ] 192.168.11.117 /easysocial/index.php/Home/Index/index
INFO: [ app_init ] --START--
INFO: Run Behavior\BuildLiteBehavior [ RunTime:0.000028s ]
INFO: [ app_init ] --END-- [ RunTime:0.000410s ]
INFO: [ app_begin ] --START--
INFO: Run Behavior\ReadHtmlCacheBehavior [ RunTime:0.000395s ]
INFO: [ app_begin ] --END-- [ RunTime:0.000520s ]
NOTIC: [8] Undefined property: stdClass::$mp4 D:\www\easysocial\Application\Home\Controller\IndexController.class.php 第 26 行.
INFO: [ app_end ] --START--
INFO: Run Behavior\ShowPageTraceBehavior [ RunTime:0.000517s ]
INFO: [ app_end ] --END-- [ RunTime:0.000648s ]

[ 2016-07-29T15:44:00+08:00 ] 192.168.11.117 /easysocial/index.php/Home/Index/index
INFO: [ app_init ] --START--
INFO: Run Behavior\BuildLiteBehavior [ RunTime:0.000028s ]
INFO: [ app_init ] --END-- [ RunTime:0.000442s ]
INFO: [ app_begin ] --START--
INFO: Run Behavior\ReadHtmlCacheBehavior [ RunTime:0.000477s ]
INFO: [ app_begin ] --END-- [ RunTime:0.000604s ]
INFO: [ app_end ] --START--
INFO: Run Behavior\ShowPageTraceBehavior [ RunTime:0.000624s ]
INFO: [ app_end ] --END-- [ RunTime:0.000789s ]

[ 2016-07-29T15:46:39+08:00 ] 192.168.11.117 /easysocial/index.php/Home/Index/index
INFO: [ app_init ] --START--
INFO: Run Behavior\BuildLiteBehavior [ RunTime:0.000028s ]
INFO: [ app_init ] --END-- [ RunTime:0.000419s ]
INFO: [ app_begin ] --START--
INFO: Run Behavior\ReadHtmlCacheBehavior [ RunTime:0.000506s ]
INFO: [ app_begin ] --END-- [ RunTime:0.000637s ]
INFO: [ app_end ] --START--
INFO: Run Behavior\ShowPageTraceBehavior [ RunTime:0.000749s ]
INFO: [ app_end ] --END-- [ RunTime:0.000902s ]

[ 2016-07-29T15:51:48+08:00 ] 192.168.11.117 /easysocial/index.php/Home/Index/index
INFO: [ app_init ] --START--
INFO: Run Behavior\BuildLiteBehavior [ RunTime:0.000033s ]
INFO: [ app_init ] --END-- [ RunTime:0.018282s ]
INFO: [ app_begin ] --START--
INFO: Run Behavior\ReadHtmlCacheBehavior [ RunTime:0.030198s ]
INFO: [ app_begin ] --END-- [ RunTime:0.030413s ]
INFO: [ app_end ] --START--
INFO: Run Behavior\ShowPageTraceBehavior [ RunTime:0.022200s ]
INFO: [ app_end ] --END-- [ RunTime:0.022360s ]

[ 2016-07-29T15:59:14+08:00 ] 192.168.11.117 /easysocial/index.php/Home/Public/showVideo
INFO: [ app_init ] --START--
INFO: Run Behavior\BuildLiteBehavior [ RunTime:0.000026s ]
INFO: [ app_init ] --END-- [ RunTime:0.000574s ]
INFO: [ app_begin ] --START--
INFO: Run Behavior\ReadHtmlCacheBehavior [ RunTime:0.000468s ]
INFO: [ app_begin ] --END-- [ RunTime:0.000589s ]
SQL: SHOW COLUMNS FROM `video` [ RunTime:0.0079s ]
SQL: SELECT * FROM `video`  [ RunTime:0.0003s ]

[ 2016-07-29T16:07:08+08:00 ] 192.168.11.117 /easysocial/index.php/Home/Public/showVideo
INFO: [ app_init ] --START--
INFO: Run Behavior\BuildLiteBehavior [ RunTime:0.000025s ]
INFO: [ app_init ] --END-- [ RunTime:0.000383s ]
INFO: [ app_begin ] --START--
INFO: Run Behavior\ReadHtmlCacheBehavior [ RunTime:0.000536s ]
INFO: [ app_begin ] --END-- [ RunTime:0.000653s ]
SQL: SHOW COLUMNS FROM `video` [ RunTime:0.0079s ]
SQL: SELECT * FROM `video` ORDER BY vid desc  [ RunTime:0.0003s ]

[ 2016-07-29T17:13:50+08:00 ] 192.168.11.117 /easysocial/index.php/Home/Public/showVideo
INFO: [ app_init ] --START--
INFO: Run Behavior\BuildLiteBehavior [ RunTime:0.000032s ]
INFO: [ app_init ] --END-- [ RunTime:0.007459s ]
INFO: [ app_begin ] --START--
INFO: Run Behavior\ReadHtmlCacheBehavior [ RunTime:0.008945s ]
INFO: [ app_begin ] --END-- [ RunTime:0.009109s ]
NOTIC: [8] Undefined index: pageNum D:\www\easysocial\Application\Home\Controller\PublicController.class.php 第 398 行.
SQL: SHOW COLUMNS FROM `video` [ RunTime:0.0103s ]
SQL: SELECT COUNT(*) AS tp_count FROM `video` LIMIT 1   [ RunTime:0.0231s ]
SQL: SELECT * FROM `video` ORDER BY vid desc  [ RunTime:0.0003s ]

[ 2016-07-29T17:20:16+08:00 ] 192.168.11.117 /easysocial/index.php/Home/Public/showTweet
INFO: [ app_init ] --START--
INFO: Run Behavior\BuildLiteBehavior [ RunTime:0.000047s ]
INFO: [ app_init ] --END-- [ RunTime:0.000636s ]
INFO: [ app_begin ] --START--
INFO: Run Behavior\ReadHtmlCacheBehavior [ RunTime:0.000617s ]
INFO: [ app_begin ] --END-- [ RunTime:0.000774s ]
SQL: SHOW COLUMNS FROM `tweet` [ RunTime:0.1575s ]
SQL: SHOW COLUMNS FROM `account` [ RunTime:0.0224s ]
SQL: SELECT a.*,b.tid,b.content,b.picture,b.create_time,b.pic_width,b.pic_height FROM account as a,tweet as b WHERE ( a.aid = b.aid  ) ORDER BY b.tid desc LIMIT 0,5   [ RunTime:0.0363s ]
SQL: SHOW COLUMNS FROM `account` [ RunTime:0.0035s ]
SQL: SELECT COUNT(*) AS tp_count FROM account as a,tweet as b WHERE ( a.aid = b.aid  ) ORDER BY b.tid LIMIT 1   [ RunTime:0.0003s ]
SQL: SHOW COLUMNS FROM `favorite` [ RunTime:0.0539s ]
SQL: SHOW COLUMNS FROM `comment` [ RunTime:0.0153s ]
SQL: SELECT COUNT(*) AS tp_count FROM `favorite` WHERE ( tid = 9 and isfavor = 1 ) LIMIT 1   [ RunTime:0.0003s ]
SQL: SELECT COUNT(*) AS tp_count FROM `comment` WHERE ( tid = 9 ) LIMIT 1   [ RunTime:0.0002s ]
SQL: SELECT `isfavor` FROM `favorite` WHERE ( aid=1 and tid=9 ) LIMIT 1   [ RunTime:0.0002s ]
SQL: SELECT COUNT(*) AS tp_count FROM `favorite` WHERE ( tid = 8 and isfavor = 1 ) LIMIT 1   [ RunTime:0.0002s ]
SQL: SELECT COUNT(*) AS tp_count FROM `comment` WHERE ( tid = 8 ) LIMIT 1   [ RunTime:0.0004s ]
SQL: SELECT `isfavor` FROM `favorite` WHERE ( aid=1 and tid=8 ) LIMIT 1   [ RunTime:0.0002s ]
SQL: SELECT COUNT(*) AS tp_count FROM `favorite` WHERE ( tid = 7 and isfavor = 1 ) LIMIT 1   [ RunTime:0.0002s ]
SQL: SELECT COUNT(*) AS tp_count FROM `comment` WHERE ( tid = 7 ) LIMIT 1   [ RunTime:0.0003s ]
SQL: SELECT `isfavor` FROM `favorite` WHERE ( aid=1 and tid=7 ) LIMIT 1   [ RunTime:0.0002s ]
SQL: SELECT COUNT(*) AS tp_count FROM `favorite` WHERE ( tid = 6 and isfavor = 1 ) LIMIT 1   [ RunTime:0.0003s ]
SQL: SELECT COUNT(*) AS tp_count FROM `comment` WHERE ( tid = 6 ) LIMIT 1   [ RunTime:0.0002s ]
SQL: SELECT `isfavor` FROM `favorite` WHERE ( aid=1 and tid=6 ) LIMIT 1   [ RunTime:0.0002s ]
SQL: SELECT COUNT(*) AS tp_count FROM `favorite` WHERE ( tid = 5 and isfavor = 1 ) LIMIT 1   [ RunTime:0.0001s ]
SQL: SELECT COUNT(*) AS tp_count FROM `comment` WHERE ( tid = 5 ) LIMIT 1   [ RunTime:0.0001s ]
SQL: SELECT `isfavor` FROM `favorite` WHERE ( aid=1 and tid=5 ) LIMIT 1   [ RunTime:0.0001s ]

[ 2016-07-29T17:20:16+08:00 ] 192.168.11.117 /easysocial/index.php/Home/Public/showTweetRank
INFO: [ app_init ] --START--
INFO: Run Behavior\BuildLiteBehavior [ RunTime:0.000030s ]
INFO: [ app_init ] --END-- [ RunTime:0.000468s ]
INFO: [ app_begin ] --START--
INFO: Run Behavior\ReadHtmlCacheBehavior [ RunTime:0.000493s ]
INFO: [ app_begin ] --END-- [ RunTime:0.000626s ]
SQL: SHOW COLUMNS FROM `tweet` [ RunTime:0.0099s ]
SQL: SHOW COLUMNS FROM `favorite` [ RunTime:0.0059s ]
SQL: SHOW COLUMNS FROM `tweet` [ RunTime:0.0093s ]
SQL: SELECT a.*,b.* FROM tweet as a,account as b WHERE ( a.aid = b.aid )  [ RunTime:0.0004s ]
SQL: SELECT COUNT(*) AS tp_count FROM `favorite` WHERE ( tid = 1 ) LIMIT 1   [ RunTime:0.0002s ]
SQL: SELECT COUNT(*) AS tp_count FROM `favorite` WHERE ( tid = 2 ) LIMIT 1   [ RunTime:0.0001s ]
SQL: SELECT COUNT(*) AS tp_count FROM `favorite` WHERE ( tid = 3 ) LIMIT 1   [ RunTime:0.0001s ]
SQL: SELECT COUNT(*) AS tp_count FROM `favorite` WHERE ( tid = 4 ) LIMIT 1   [ RunTime:0.0001s ]
SQL: SELECT COUNT(*) AS tp_count FROM `favorite` WHERE ( tid = 5 ) LIMIT 1   [ RunTime:0.0001s ]
SQL: SELECT COUNT(*) AS tp_count FROM `favorite` WHERE ( tid = 6 ) LIMIT 1   [ RunTime:0.0001s ]
SQL: SELECT COUNT(*) AS tp_count FROM `favorite` WHERE ( tid = 7 ) LIMIT 1   [ RunTime:0.0001s ]
SQL: SELECT COUNT(*) AS tp_count FROM `favorite` WHERE ( tid = 8 ) LIMIT 1   [ RunTime:0.0001s ]
SQL: SELECT COUNT(*) AS tp_count FROM `favorite` WHERE ( tid = 9 ) LIMIT 1   [ RunTime:0.0001s ]

[ 2016-07-29T17:20:16+08:00 ] 192.168.11.117 /easysocial/index.php/Home/Public/showVideo
INFO: [ app_init ] --START--
INFO: Run Behavior\BuildLiteBehavior [ RunTime:0.000027s ]
INFO: [ app_init ] --END-- [ RunTime:0.000397s ]
INFO: [ app_begin ] --START--
INFO: Run Behavior\ReadHtmlCacheBehavior [ RunTime:0.000912s ]
INFO: [ app_begin ] --END-- [ RunTime:0.001116s ]
SQL: SHOW COLUMNS FROM `video` [ RunTime:0.0086s ]
SQL: SELECT COUNT(*) AS tp_count FROM `video` LIMIT 1   [ RunTime:0.0015s ]
SQL: SELECT * FROM `video` ORDER BY vid desc  [ RunTime:0.0004s ]

[ 2016-07-29T17:21:29+08:00 ] 192.168.11.117 /easysocial/index.php/Home/Public/showTweet
INFO: [ app_init ] --START--
INFO: Run Behavior\BuildLiteBehavior [ RunTime:0.000027s ]
INFO: [ app_init ] --END-- [ RunTime:0.000490s ]
INFO: [ app_begin ] --START--
INFO: Run Behavior\ReadHtmlCacheBehavior [ RunTime:0.000510s ]
INFO: [ app_begin ] --END-- [ RunTime:0.000675s ]
SQL: SHOW COLUMNS FROM `tweet` [ RunTime:0.0580s ]
SQL: SHOW COLUMNS FROM `account` [ RunTime:0.3472s ]
SQL: SELECT a.*,b.tid,b.content,b.picture,b.create_time,b.pic_width,b.pic_height FROM account as a,tweet as b WHERE ( a.aid = b.aid  ) ORDER BY b.tid desc LIMIT 0,5   [ RunTime:0.0007s ]
SQL: SHOW COLUMNS FROM `account` [ RunTime:0.3152s ]
SQL: SELECT COUNT(*) AS tp_count FROM account as a,tweet as b WHERE ( a.aid = b.aid  ) ORDER BY b.tid LIMIT 1   [ RunTime:0.0003s ]
SQL: SHOW COLUMNS FROM `favorite` [ RunTime:0.2570s ]
SQL: SHOW COLUMNS FROM `comment` [ RunTime:0.2721s ]
SQL: SELECT COUNT(*) AS tp_count FROM `favorite` WHERE ( tid = 9 and isfavor = 1 ) LIMIT 1   [ RunTime:0.0002s ]
SQL: SELECT COUNT(*) AS tp_count FROM `comment` WHERE ( tid = 9 ) LIMIT 1   [ RunTime:0.0001s ]
SQL: SELECT `isfavor` FROM `favorite` WHERE ( aid=1 and tid=9 ) LIMIT 1   [ RunTime:0.0001s ]
SQL: SELECT COUNT(*) AS tp_count FROM `favorite` WHERE ( tid = 8 and isfavor = 1 ) LIMIT 1   [ RunTime:0.0002s ]
SQL: SELECT COUNT(*) AS tp_count FROM `comment` WHERE ( tid = 8 ) LIMIT 1   [ RunTime:0.0002s ]
SQL: SELECT `isfavor` FROM `favorite` WHERE ( aid=1 and tid=8 ) LIMIT 1   [ RunTime:0.0002s ]
SQL: SELECT COUNT(*) AS tp_count FROM `favorite` WHERE ( tid = 7 and isfavor = 1 ) LIMIT 1   [ RunTime:0.0002s ]
SQL: SELECT COUNT(*) AS tp_count FROM `comment` WHERE ( tid = 7 ) LIMIT 1   [ RunTime:0.0002s ]
SQL: SELECT `isfavor` FROM `favorite` WHERE ( aid=1 and tid=7 ) LIMIT 1   [ RunTime:0.0002s ]
SQL: SELECT COUNT(*) AS tp_count FROM `favorite` WHERE ( tid = 6 and isfavor = 1 ) LIMIT 1   [ RunTime:0.0002s ]
SQL: SELECT COUNT(*) AS tp_count FROM `comment` WHERE ( tid = 6 ) LIMIT 1   [ RunTime:0.0003s ]
SQL: SELECT `isfavor` FROM `favorite` WHERE ( aid=1 and tid=6 ) LIMIT 1   [ RunTime:0.0003s ]
SQL: SELECT COUNT(*) AS tp_count FROM `favorite` WHERE ( tid = 5 and isfavor = 1 ) LIMIT 1   [ RunTime:0.0005s ]
SQL: SELECT COUNT(*) AS tp_count FROM `comment` WHERE ( tid = 5 ) LIMIT 1   [ RunTime:0.0003s ]
SQL: SELECT `isfavor` FROM `favorite` WHERE ( aid=1 and tid=5 ) LIMIT 1   [ RunTime:0.0002s ]

[ 2016-07-29T17:21:29+08:00 ] 192.168.11.117 /easysocial/index.php/Home/Public/showTweetRank
INFO: [ app_init ] --START--
INFO: Run Behavior\BuildLiteBehavior [ RunTime:0.000035s ]
INFO: [ app_init ] --END-- [ RunTime:0.000421s ]
INFO: [ app_begin ] --START--
INFO: Run Behavior\ReadHtmlCacheBehavior [ RunTime:0.000652s ]
INFO: [ app_begin ] --END-- [ RunTime:0.000798s ]
SQL: SHOW COLUMNS FROM `tweet` [ RunTime:0.0067s ]
SQL: SHOW COLUMNS FROM `favorite` [ RunTime:0.0093s ]
SQL: SHOW COLUMNS FROM `tweet` [ RunTime:0.0034s ]
SQL: SELECT a.*,b.* FROM tweet as a,account as b WHERE ( a.aid = b.aid )  [ RunTime:0.0004s ]
SQL: SELECT COUNT(*) AS tp_count FROM `favorite` WHERE ( tid = 1 ) LIMIT 1   [ RunTime:0.0002s ]
SQL: SELECT COUNT(*) AS tp_count FROM `favorite` WHERE ( tid = 2 ) LIMIT 1   [ RunTime:0.0001s ]
SQL: SELECT COUNT(*) AS tp_count FROM `favorite` WHERE ( tid = 3 ) LIMIT 1   [ RunTime:0.0001s ]
SQL: SELECT COUNT(*) AS tp_count FROM `favorite` WHERE ( tid = 4 ) LIMIT 1   [ RunTime:0.0002s ]
SQL: SELECT COUNT(*) AS tp_count FROM `favorite` WHERE ( tid = 5 ) LIMIT 1   [ RunTime:0.0002s ]
SQL: SELECT COUNT(*) AS tp_count FROM `favorite` WHERE ( tid = 6 ) LIMIT 1   [ RunTime:0.0002s ]
SQL: SELECT COUNT(*) AS tp_count FROM `favorite` WHERE ( tid = 7 ) LIMIT 1   [ RunTime:0.0003s ]
SQL: SELECT COUNT(*) AS tp_count FROM `favorite` WHERE ( tid = 8 ) LIMIT 1   [ RunTime:0.0003s ]
SQL: SELECT COUNT(*) AS tp_count FROM `favorite` WHERE ( tid = 9 ) LIMIT 1   [ RunTime:0.0002s ]

[ 2016-07-29T17:21:29+08:00 ] 192.168.11.117 /easysocial/index.php/Home/Public/showVideo
INFO: [ app_init ] --START--
INFO: Run Behavior\BuildLiteBehavior [ RunTime:0.000032s ]
INFO: [ app_init ] --END-- [ RunTime:0.000426s ]
INFO: [ app_begin ] --START--
INFO: Run Behavior\ReadHtmlCacheBehavior [ RunTime:0.000444s ]
INFO: [ app_begin ] --END-- [ RunTime:0.000575s ]
SQL: SHOW COLUMNS FROM `video` [ RunTime:0.0106s ]
SQL: SELECT COUNT(*) AS tp_count FROM `video` LIMIT 1   [ RunTime:0.0007s ]
SQL: SELECT * FROM `video` ORDER BY vid desc  [ RunTime:0.0003s ]

[ 2016-07-29T17:37:27+08:00 ] 192.168.11.117 /easysocial/index.php/Home/Public/showTweet
INFO: [ app_init ] --START--
INFO: Run Behavior\BuildLiteBehavior [ RunTime:0.000029s ]
INFO: [ app_init ] --END-- [ RunTime:0.000548s ]
INFO: [ app_begin ] --START--
INFO: Run Behavior\ReadHtmlCacheBehavior [ RunTime:0.000492s ]
INFO: [ app_begin ] --END-- [ RunTime:0.000647s ]
SQL: SHOW COLUMNS FROM `tweet` [ RunTime:0.2419s ]
SQL: SHOW COLUMNS FROM `account` [ RunTime:0.2177s ]
SQL: SELECT a.*,b.tid,b.content,b.picture,b.create_time,b.pic_width,b.pic_height FROM account as a,tweet as b WHERE ( a.aid = b.aid  ) ORDER BY b.tid desc LIMIT 0,5   [ RunTime:0.0008s ]
SQL: SHOW COLUMNS FROM `account` [ RunTime:0.1130s ]
SQL: SELECT COUNT(*) AS tp_count FROM account as a,tweet as b WHERE ( a.aid = b.aid  ) ORDER BY b.tid LIMIT 1   [ RunTime:0.0003s ]
SQL: SHOW COLUMNS FROM `favorite` [ RunTime:0.2508s ]
SQL: SHOW COLUMNS FROM `comment` [ RunTime:0.3161s ]
SQL: SELECT COUNT(*) AS tp_count FROM `favorite` WHERE ( tid = 9 and isfavor = 1 ) LIMIT 1   [ RunTime:0.0004s ]
SQL: SELECT COUNT(*) AS tp_count FROM `comment` WHERE ( tid = 9 ) LIMIT 1   [ RunTime:0.0003s ]
SQL: SELECT `isfavor` FROM `favorite` WHERE ( aid=1 and tid=9 ) LIMIT 1   [ RunTime:0.0003s ]
SQL: SELECT COUNT(*) AS tp_count FROM `favorite` WHERE ( tid = 8 and isfavor = 1 ) LIMIT 1   [ RunTime:0.0003s ]
SQL: SELECT COUNT(*) AS tp_count FROM `comment` WHERE ( tid = 8 ) LIMIT 1   [ RunTime:0.0002s ]
SQL: SELECT `isfavor` FROM `favorite` WHERE ( aid=1 and tid=8 ) LIMIT 1   [ RunTime:0.0007s ]
SQL: SELECT COUNT(*) AS tp_count FROM `favorite` WHERE ( tid = 7 and isfavor = 1 ) LIMIT 1   [ RunTime:0.0002s ]
SQL: SELECT COUNT(*) AS tp_count FROM `comment` WHERE ( tid = 7 ) LIMIT 1   [ RunTime:0.0002s ]
SQL: SELECT `isfavor` FROM `favorite` WHERE ( aid=1 and tid=7 ) LIMIT 1   [ RunTime:0.0002s ]
SQL: SELECT COUNT(*) AS tp_count FROM `favorite` WHERE ( tid = 6 and isfavor = 1 ) LIMIT 1   [ RunTime:0.0003s ]
SQL: SELECT COUNT(*) AS tp_count FROM `comment` WHERE ( tid = 6 ) LIMIT 1   [ RunTime:0.0003s ]
SQL: SELECT `isfavor` FROM `favorite` WHERE ( aid=1 and tid=6 ) LIMIT 1   [ RunTime:0.0002s ]
SQL: SELECT COUNT(*) AS tp_count FROM `favorite` WHERE ( tid = 5 and isfavor = 1 ) LIMIT 1   [ RunTime:0.0002s ]
SQL: SELECT COUNT(*) AS tp_count FROM `comment` WHERE ( tid = 5 ) LIMIT 1   [ RunTime:0.0003s ]
SQL: SELECT `isfavor` FROM `favorite` WHERE ( aid=1 and tid=5 ) LIMIT 1   [ RunTime:0.0002s ]

[ 2016-07-29T17:37:27+08:00 ] 192.168.11.117 /easysocial/index.php/Home/Public/showTweetRank
INFO: [ app_init ] --START--
INFO: Run Behavior\BuildLiteBehavior [ RunTime:0.000032s ]
INFO: [ app_init ] --END-- [ RunTime:0.000512s ]
INFO: [ app_begin ] --START--
INFO: Run Behavior\ReadHtmlCacheBehavior [ RunTime:0.000476s ]
INFO: [ app_begin ] --END-- [ RunTime:0.000610s ]
SQL: SHOW COLUMNS FROM `tweet` [ RunTime:0.1004s ]
SQL: SHOW COLUMNS FROM `favorite` [ RunTime:0.0100s ]
SQL: SHOW COLUMNS FROM `tweet` [ RunTime:0.0045s ]
SQL: SELECT a.*,b.* FROM tweet as a,account as b WHERE ( a.aid = b.aid )  [ RunTime:0.0005s ]
SQL: SELECT COUNT(*) AS tp_count FROM `favorite` WHERE ( tid = 1 ) LIMIT 1   [ RunTime:0.0002s ]
SQL: SELECT COUNT(*) AS tp_count FROM `favorite` WHERE ( tid = 2 ) LIMIT 1   [ RunTime:0.0002s ]
SQL: SELECT COUNT(*) AS tp_count FROM `favorite` WHERE ( tid = 3 ) LIMIT 1   [ RunTime:0.0002s ]
SQL: SELECT COUNT(*) AS tp_count FROM `favorite` WHERE ( tid = 4 ) LIMIT 1   [ RunTime:0.0002s ]
SQL: SELECT COUNT(*) AS tp_count FROM `favorite` WHERE ( tid = 5 ) LIMIT 1   [ RunTime:0.0002s ]
SQL: SELECT COUNT(*) AS tp_count FROM `favorite` WHERE ( tid = 6 ) LIMIT 1   [ RunTime:0.0002s ]
SQL: SELECT COUNT(*) AS tp_count FROM `favorite` WHERE ( tid = 7 ) LIMIT 1   [ RunTime:0.0003s ]
SQL: SELECT COUNT(*) AS tp_count FROM `favorite` WHERE ( tid = 8 ) LIMIT 1   [ RunTime:0.0003s ]
SQL: SELECT COUNT(*) AS tp_count FROM `favorite` WHERE ( tid = 9 ) LIMIT 1   [ RunTime:0.0001s ]

[ 2016-07-29T17:37:27+08:00 ] 192.168.11.117 /easysocial/index.php/Home/Public/showVideo
INFO: [ app_init ] --START--
INFO: Run Behavior\BuildLiteBehavior [ RunTime:0.000029s ]
INFO: [ app_init ] --END-- [ RunTime:0.000417s ]
INFO: [ app_begin ] --START--
INFO: Run Behavior\ReadHtmlCacheBehavior [ RunTime:0.000571s ]
INFO: [ app_begin ] --END-- [ RunTime:0.000732s ]
SQL: SHOW COLUMNS FROM `video` [ RunTime:0.0093s ]
SQL: SELECT COUNT(*) AS tp_count FROM `video` LIMIT 1   [ RunTime:0.0005s ]
SQL: SELECT * FROM `video` ORDER BY vid desc  [ RunTime:0.0003s ]

[ 2016-07-29T17:43:35+08:00 ] 192.168.11.117 /easysocial/index.php/Home/Public/showTweet
INFO: [ app_init ] --START--
INFO: Run Behavior\BuildLiteBehavior [ RunTime:0.000029s ]
INFO: [ app_init ] --END-- [ RunTime:0.000469s ]
INFO: [ app_begin ] --START--
INFO: Run Behavior\ReadHtmlCacheBehavior [ RunTime:0.000507s ]
INFO: [ app_begin ] --END-- [ RunTime:0.000643s ]
SQL: SHOW COLUMNS FROM `tweet` [ RunTime:0.0403s ]
SQL: SHOW COLUMNS FROM `account` [ RunTime:0.0113s ]
SQL: SELECT a.*,b.tid,b.content,b.picture,b.create_time,b.pic_width,b.pic_height FROM account as a,tweet as b WHERE ( a.aid = b.aid  ) ORDER BY b.tid desc LIMIT 0,5   [ RunTime:0.0008s ]
SQL: SHOW COLUMNS FROM `account` [ RunTime:0.0050s ]
SQL: SELECT COUNT(*) AS tp_count FROM account as a,tweet as b WHERE ( a.aid = b.aid  ) ORDER BY b.tid LIMIT 1   [ RunTime:0.0003s ]
SQL: SHOW COLUMNS FROM `favorite` [ RunTime:0.0144s ]
SQL: SHOW COLUMNS FROM `comment` [ RunTime:0.0090s ]
SQL: SELECT COUNT(*) AS tp_count FROM `favorite` WHERE ( tid = 9 and isfavor = 1 ) LIMIT 1   [ RunTime:0.0003s ]
SQL: SELECT COUNT(*) AS tp_count FROM `comment` WHERE ( tid = 9 ) LIMIT 1   [ RunTime:0.0002s ]
SQL: SELECT `isfavor` FROM `favorite` WHERE ( aid=1 and tid=9 ) LIMIT 1   [ RunTime:0.0002s ]
SQL: SELECT COUNT(*) AS tp_count FROM `favorite` WHERE ( tid = 8 and isfavor = 1 ) LIMIT 1   [ RunTime:0.0001s ]
SQL: SELECT COUNT(*) AS tp_count FROM `comment` WHERE ( tid = 8 ) LIMIT 1   [ RunTime:0.0001s ]
SQL: SELECT `isfavor` FROM `favorite` WHERE ( aid=1 and tid=8 ) LIMIT 1   [ RunTime:0.0001s ]
SQL: SELECT COUNT(*) AS tp_count FROM `favorite` WHERE ( tid = 7 and isfavor = 1 ) LIMIT 1   [ RunTime:0.0001s ]
SQL: SELECT COUNT(*) AS tp_count FROM `comment` WHERE ( tid = 7 ) LIMIT 1   [ RunTime:0.0001s ]
SQL: SELECT `isfavor` FROM `favorite` WHERE ( aid=1 and tid=7 ) LIMIT 1   [ RunTime:0.0001s ]
SQL: SELECT COUNT(*) AS tp_count FROM `favorite` WHERE ( tid = 6 and isfavor = 1 ) LIMIT 1   [ RunTime:0.0001s ]
SQL: SELECT COUNT(*) AS tp_count FROM `comment` WHERE ( tid = 6 ) LIMIT 1   [ RunTime:0.0001s ]
SQL: SELECT `isfavor` FROM `favorite` WHERE ( aid=1 and tid=6 ) LIMIT 1   [ RunTime:0.0001s ]
SQL: SELECT COUNT(*) AS tp_count FROM `favorite` WHERE ( tid = 5 and isfavor = 1 ) LIMIT 1   [ RunTime:0.0001s ]
SQL: SELECT COUNT(*) AS tp_count FROM `comment` WHERE ( tid = 5 ) LIMIT 1   [ RunTime:0.0001s ]
SQL: SELECT `isfavor` FROM `favorite` WHERE ( aid=1 and tid=5 ) LIMIT 1   [ RunTime:0.0001s ]

[ 2016-07-29T17:43:35+08:00 ] 192.168.11.117 /easysocial/index.php/Home/Public/showTweetRank
INFO: [ app_init ] --START--
INFO: Run Behavior\BuildLiteBehavior [ RunTime:0.000037s ]
INFO: [ app_init ] --END-- [ RunTime:0.000579s ]
INFO: [ app_begin ] --START--
INFO: Run Behavior\ReadHtmlCacheBehavior [ RunTime:0.000569s ]
INFO: [ app_begin ] --END-- [ RunTime:0.000730s ]
SQL: SHOW COLUMNS FROM `tweet` [ RunTime:0.0086s ]
SQL: SHOW COLUMNS FROM `favorite` [ RunTime:0.0042s ]
SQL: SHOW COLUMNS FROM `tweet` [ RunTime:0.0031s ]
SQL: SELECT a.*,b.* FROM tweet as a,account as b WHERE ( a.aid = b.aid )  [ RunTime:0.0003s ]
SQL: SELECT COUNT(*) AS tp_count FROM `favorite` WHERE ( tid = 1 ) LIMIT 1   [ RunTime:0.0001s ]
SQL: SELECT COUNT(*) AS tp_count FROM `favorite` WHERE ( tid = 2 ) LIMIT 1   [ RunTime:0.0001s ]
SQL: SELECT COUNT(*) AS tp_count FROM `favorite` WHERE ( tid = 3 ) LIMIT 1   [ RunTime:0.0003s ]
SQL: SELECT COUNT(*) AS tp_count FROM `favorite` WHERE ( tid = 4 ) LIMIT 1   [ RunTime:0.0002s ]
SQL: SELECT COUNT(*) AS tp_count FROM `favorite` WHERE ( tid = 5 ) LIMIT 1   [ RunTime:0.0002s ]
SQL: SELECT COUNT(*) AS tp_count FROM `favorite` WHERE ( tid = 6 ) LIMIT 1   [ RunTime:0.0002s ]
SQL: SELECT COUNT(*) AS tp_count FROM `favorite` WHERE ( tid = 7 ) LIMIT 1   [ RunTime:0.0002s ]
SQL: SELECT COUNT(*) AS tp_count FROM `favorite` WHERE ( tid = 8 ) LIMIT 1   [ RunTime:0.0003s ]
SQL: SELECT COUNT(*) AS tp_count FROM `favorite` WHERE ( tid = 9 ) LIMIT 1   [ RunTime:0.0002s ]

[ 2016-07-29T17:43:35+08:00 ] 192.168.11.117 /easysocial/index.php/Home/Public/showVideo
INFO: [ app_init ] --START--
INFO: Run Behavior\BuildLiteBehavior [ RunTime:0.000034s ]
INFO: [ app_init ] --END-- [ RunTime:0.000515s ]
INFO: [ app_begin ] --START--
INFO: Run Behavior\ReadHtmlCacheBehavior [ RunTime:0.000486s ]
INFO: [ app_begin ] --END-- [ RunTime:0.000622s ]
SQL: SHOW COLUMNS FROM `video` [ RunTime:0.0124s ]
SQL: SELECT COUNT(*) AS tp_count FROM `video` LIMIT 1   [ RunTime:0.0002s ]
SQL: SELECT * FROM `video` ORDER BY vid desc  [ RunTime:0.0002s ]

[ 2016-07-29T17:44:13+08:00 ] 192.168.11.117 /easysocial/index.php/Home/Public/showVideo
INFO: [ app_init ] --START--
INFO: Run Behavior\BuildLiteBehavior [ RunTime:0.000026s ]
INFO: [ app_init ] --END-- [ RunTime:0.000367s ]
INFO: [ app_begin ] --START--
INFO: Run Behavior\ReadHtmlCacheBehavior [ RunTime:0.000660s ]
INFO: [ app_begin ] --END-- [ RunTime:0.000806s ]
SQL: SHOW COLUMNS FROM `video` [ RunTime:0.0134s ]
SQL: SELECT COUNT(*) AS tp_count FROM `video` LIMIT 1   [ RunTime:0.0003s ]
SQL: SELECT * FROM `video` ORDER BY vid desc  [ RunTime:0.0002s ]

[ 2016-07-29T17:44:19+08:00 ] 192.168.11.117 /easysocial/index.php/Home/Public/showVideo
INFO: [ app_init ] --START--
INFO: Run Behavior\BuildLiteBehavior [ RunTime:0.000025s ]
INFO: [ app_init ] --END-- [ RunTime:0.000395s ]
INFO: [ app_begin ] --START--
INFO: Run Behavior\ReadHtmlCacheBehavior [ RunTime:0.000456s ]
INFO: [ app_begin ] --END-- [ RunTime:0.000586s ]
SQL: SHOW COLUMNS FROM `video` [ RunTime:0.0138s ]
SQL: SELECT COUNT(*) AS tp_count FROM `video` LIMIT 1   [ RunTime:0.0002s ]
SQL: SELECT * FROM `video` ORDER BY vid desc  [ RunTime:0.0002s ]

[ 2016-07-29T17:57:21+08:00 ] 192.168.11.117 /easysocial/index.php/Home/Public/showTweet
INFO: [ app_init ] --START--
INFO: Run Behavior\BuildLiteBehavior [ RunTime:0.000066s ]
INFO: [ app_init ] --END-- [ RunTime:0.002022s ]
INFO: [ app_begin ] --START--
INFO: Run Behavior\ReadHtmlCacheBehavior [ RunTime:0.000492s ]
INFO: [ app_begin ] --END-- [ RunTime:0.000617s ]
SQL: SHOW COLUMNS FROM `tweet` [ RunTime:0.0083s ]
SQL: SHOW COLUMNS FROM `account` [ RunTime:0.0083s ]
SQL: SELECT a.*,b.tid,b.content,b.picture,b.create_time,b.pic_width,b.pic_height FROM account as a,tweet as b WHERE ( a.aid = b.aid  ) ORDER BY b.tid desc LIMIT 0,5   [ RunTime:0.0008s ]
SQL: SHOW COLUMNS FROM `account` [ RunTime:0.0038s ]
SQL: SELECT COUNT(*) AS tp_count FROM account as a,tweet as b WHERE ( a.aid = b.aid  ) ORDER BY b.tid LIMIT 1   [ RunTime:0.0003s ]
SQL: SHOW COLUMNS FROM `favorite` [ RunTime:0.0125s ]
SQL: SHOW COLUMNS FROM `comment` [ RunTime:0.0123s ]
SQL: SELECT COUNT(*) AS tp_count FROM `favorite` WHERE ( tid = 9 and isfavor = 1 ) LIMIT 1   [ RunTime:0.0003s ]
SQL: SELECT COUNT(*) AS tp_count FROM `comment` WHERE ( tid = 9 ) LIMIT 1   [ RunTime:0.0002s ]
SQL: SELECT `isfavor` FROM `favorite` WHERE ( aid=1 and tid=9 ) LIMIT 1   [ RunTime:0.0001s ]
SQL: SELECT COUNT(*) AS tp_count FROM `favorite` WHERE ( tid = 8 and isfavor = 1 ) LIMIT 1   [ RunTime:0.0002s ]
SQL: SELECT COUNT(*) AS tp_count FROM `comment` WHERE ( tid = 8 ) LIMIT 1   [ RunTime:0.0001s ]
SQL: SELECT `isfavor` FROM `favorite` WHERE ( aid=1 and tid=8 ) LIMIT 1   [ RunTime:0.0001s ]
SQL: SELECT COUNT(*) AS tp_count FROM `favorite` WHERE ( tid = 7 and isfavor = 1 ) LIMIT 1   [ RunTime:0.0001s ]
SQL: SELECT COUNT(*) AS tp_count FROM `comment` WHERE ( tid = 7 ) LIMIT 1   [ RunTime:0.0001s ]
SQL: SELECT `isfavor` FROM `favorite` WHERE ( aid=1 and tid=7 ) LIMIT 1   [ RunTime:0.0001s ]
SQL: SELECT COUNT(*) AS tp_count FROM `favorite` WHERE ( tid = 6 and isfavor = 1 ) LIMIT 1   [ RunTime:0.0001s ]
SQL: SELECT COUNT(*) AS tp_count FROM `comment` WHERE ( tid = 6 ) LIMIT 1   [ RunTime:0.0001s ]
SQL: SELECT `isfavor` FROM `favorite` WHERE ( aid=1 and tid=6 ) LIMIT 1   [ RunTime:0.0001s ]
SQL: SELECT COUNT(*) AS tp_count FROM `favorite` WHERE ( tid = 5 and isfavor = 1 ) LIMIT 1   [ RunTime:0.0002s ]
SQL: SELECT COUNT(*) AS tp_count FROM `comment` WHERE ( tid = 5 ) LIMIT 1   [ RunTime:0.0001s ]
SQL: SELECT `isfavor` FROM `favorite` WHERE ( aid=1 and tid=5 ) LIMIT 1   [ RunTime:0.0385s ]

[ 2016-07-29T17:57:21+08:00 ] 192.168.11.117 /easysocial/index.php/Home/Public/showTweetRank
INFO: [ app_init ] --START--
INFO: Run Behavior\BuildLiteBehavior [ RunTime:0.000030s ]
INFO: [ app_init ] --END-- [ RunTime:0.000455s ]
INFO: [ app_begin ] --START--
INFO: Run Behavior\ReadHtmlCacheBehavior [ RunTime:0.000579s ]
INFO: [ app_begin ] --END-- [ RunTime:0.000711s ]
SQL: SHOW COLUMNS FROM `tweet` [ RunTime:0.0040s ]
SQL: SHOW COLUMNS FROM `favorite` [ RunTime:0.0073s ]
SQL: SHOW COLUMNS FROM `tweet` [ RunTime:0.0090s ]
SQL: SELECT a.*,b.* FROM tweet as a,account as b WHERE ( a.aid = b.aid )  [ RunTime:0.0004s ]
SQL: SELECT COUNT(*) AS tp_count FROM `favorite` WHERE ( tid = 1 ) LIMIT 1   [ RunTime:0.0002s ]
SQL: SELECT COUNT(*) AS tp_count FROM `favorite` WHERE ( tid = 2 ) LIMIT 1   [ RunTime:0.0002s ]
SQL: SELECT COUNT(*) AS tp_count FROM `favorite` WHERE ( tid = 3 ) LIMIT 1   [ RunTime:0.0001s ]
SQL: SELECT COUNT(*) AS tp_count FROM `favorite` WHERE ( tid = 4 ) LIMIT 1   [ RunTime:0.0005s ]
SQL: SELECT COUNT(*) AS tp_count FROM `favorite` WHERE ( tid = 5 ) LIMIT 1   [ RunTime:0.0002s ]
SQL: SELECT COUNT(*) AS tp_count FROM `favorite` WHERE ( tid = 6 ) LIMIT 1   [ RunTime:0.0002s ]
SQL: SELECT COUNT(*) AS tp_count FROM `favorite` WHERE ( tid = 7 ) LIMIT 1   [ RunTime:0.0003s ]
SQL: SELECT COUNT(*) AS tp_count FROM `favorite` WHERE ( tid = 8 ) LIMIT 1   [ RunTime:0.0003s ]
SQL: SELECT COUNT(*) AS tp_count FROM `favorite` WHERE ( tid = 9 ) LIMIT 1   [ RunTime:0.0002s ]

[ 2016-07-29T17:57:22+08:00 ] 192.168.11.117 /easysocial/index.php/Home/Public/showVideo
INFO: [ app_init ] --START--
INFO: Run Behavior\BuildLiteBehavior [ RunTime:0.000030s ]
INFO: [ app_init ] --END-- [ RunTime:0.000500s ]
INFO: [ app_begin ] --START--
INFO: Run Behavior\ReadHtmlCacheBehavior [ RunTime:0.000480s ]
INFO: [ app_begin ] --END-- [ RunTime:0.000610s ]
SQL: SHOW COLUMNS FROM `video` [ RunTime:0.0201s ]
SQL: SELECT COUNT(*) AS tp_count FROM `video` LIMIT 1   [ RunTime:0.0003s ]
SQL: SELECT * FROM `video` ORDER BY vid desc  [ RunTime:0.0004s ]

[ 2016-07-29T17:57:39+08:00 ] 192.168.11.117 /easysocial/index.php/Home/Public/showVideo
INFO: [ app_init ] --START--
INFO: Run Behavior\BuildLiteBehavior [ RunTime:0.000028s ]
INFO: [ app_init ] --END-- [ RunTime:0.000473s ]
INFO: [ app_begin ] --START--
INFO: Run Behavior\ReadHtmlCacheBehavior [ RunTime:0.000731s ]
INFO: [ app_begin ] --END-- [ RunTime:0.000999s ]
SQL: SHOW COLUMNS FROM `video` [ RunTime:0.0120s ]
SQL: SELECT COUNT(*) AS tp_count FROM `video` LIMIT 1   [ RunTime:0.0003s ]
SQL: SELECT * FROM `video` ORDER BY vid desc  [ RunTime:0.0002s ]

[ 2016-07-29T18:31:10+08:00 ] 192.168.11.117 /easysocial/index.php/Home/Public/showTweet
INFO: [ app_init ] --START--
INFO: Run Behavior\BuildLiteBehavior [ RunTime:0.000049s ]
INFO: [ app_init ] --END-- [ RunTime:0.000811s ]
INFO: [ app_begin ] --START--
INFO: Run Behavior\ReadHtmlCacheBehavior [ RunTime:0.000733s ]
INFO: [ app_begin ] --END-- [ RunTime:0.000888s ]
SQL: SHOW COLUMNS FROM `tweet` [ RunTime:0.0150s ]
SQL: SHOW COLUMNS FROM `account` [ RunTime:0.0057s ]
SQL: SELECT a.*,b.tid,b.content,b.picture,b.create_time,b.pic_width,b.pic_height FROM account as a,tweet as b WHERE ( a.aid = b.aid  ) ORDER BY b.tid desc LIMIT 5,5   [ RunTime:0.0006s ]
SQL: SHOW COLUMNS FROM `account` [ RunTime:0.0071s ]
SQL: SELECT COUNT(*) AS tp_count FROM account as a,tweet as b WHERE ( a.aid = b.aid  ) ORDER BY b.tid LIMIT 1   [ RunTime:0.0003s ]
SQL: SHOW COLUMNS FROM `favorite` [ RunTime:0.0058s ]
SQL: SHOW COLUMNS FROM `comment` [ RunTime:0.0102s ]
SQL: SELECT COUNT(*) AS tp_count FROM `favorite` WHERE ( tid = 4 and isfavor = 1 ) LIMIT 1   [ RunTime:0.0003s ]
SQL: SELECT COUNT(*) AS tp_count FROM `comment` WHERE ( tid = 4 ) LIMIT 1   [ RunTime:0.0002s ]
SQL: SELECT `isfavor` FROM `favorite` WHERE ( aid=1 and tid=4 ) LIMIT 1   [ RunTime:0.0002s ]
SQL: SELECT COUNT(*) AS tp_count FROM `favorite` WHERE ( tid = 3 and isfavor = 1 ) LIMIT 1   [ RunTime:0.0002s ]
SQL: SELECT COUNT(*) AS tp_count FROM `comment` WHERE ( tid = 3 ) LIMIT 1   [ RunTime:0.0002s ]
SQL: SELECT `isfavor` FROM `favorite` WHERE ( aid=1 and tid=3 ) LIMIT 1   [ RunTime:0.0001s ]
SQL: SELECT COUNT(*) AS tp_count FROM `favorite` WHERE ( tid = 2 and isfavor = 1 ) LIMIT 1   [ RunTime:0.0002s ]
SQL: SELECT COUNT(*) AS tp_count FROM `comment` WHERE ( tid = 2 ) LIMIT 1   [ RunTime:0.0001s ]
SQL: SELECT `isfavor` FROM `favorite` WHERE ( aid=1 and tid=2 ) LIMIT 1   [ RunTime:0.0001s ]
SQL: SELECT COUNT(*) AS tp_count FROM `favorite` WHERE ( tid = 1 and isfavor = 1 ) LIMIT 1   [ RunTime:0.0002s ]
SQL: SELECT COUNT(*) AS tp_count FROM `comment` WHERE ( tid = 1 ) LIMIT 1   [ RunTime:0.0002s ]
SQL: SELECT `isfavor` FROM `favorite` WHERE ( aid=1 and tid=1 ) LIMIT 1   [ RunTime:0.0001s ]

[ 2016-07-29T18:42:56+08:00 ] 192.168.11.117 /easysocial/index.php/Home/Public/showTweet
INFO: [ app_init ] --START--
INFO: Run Behavior\BuildLiteBehavior [ RunTime:0.000030s ]
INFO: [ app_init ] --END-- [ RunTime:0.000475s ]
INFO: [ app_begin ] --START--
INFO: Run Behavior\ReadHtmlCacheBehavior [ RunTime:0.000509s ]
INFO: [ app_begin ] --END-- [ RunTime:0.000643s ]
SQL: SHOW COLUMNS FROM `tweet` [ RunTime:0.0924s ]
SQL: SHOW COLUMNS FROM `account` [ RunTime:0.1270s ]
SQL: SELECT a.*,b.tid,b.content,b.picture,b.create_time,b.pic_width,b.pic_height FROM account as a,tweet as b WHERE ( a.aid = b.aid  ) ORDER BY b.tid desc LIMIT 0,5   [ RunTime:0.0006s ]
SQL: SHOW COLUMNS FROM `account` [ RunTime:0.1742s ]
SQL: SELECT COUNT(*) AS tp_count FROM account as a,tweet as b WHERE ( a.aid = b.aid  ) ORDER BY b.tid LIMIT 1   [ RunTime:0.0004s ]
SQL: SHOW COLUMNS FROM `favorite` [ RunTime:0.2404s ]
SQL: SHOW COLUMNS FROM `comment` [ RunTime:0.0112s ]
SQL: SELECT COUNT(*) AS tp_count FROM `favorite` WHERE ( tid = 9 and isfavor = 1 ) LIMIT 1   [ RunTime:0.0004s ]
SQL: SELECT COUNT(*) AS tp_count FROM `comment` WHERE ( tid = 9 ) LIMIT 1   [ RunTime:0.0002s ]
SQL: SELECT `isfavor` FROM `favorite` WHERE ( aid=1 and tid=9 ) LIMIT 1   [ RunTime:0.0002s ]
SQL: SELECT COUNT(*) AS tp_count FROM `favorite` WHERE ( tid = 8 and isfavor = 1 ) LIMIT 1   [ RunTime:0.0002s ]
SQL: SELECT COUNT(*) AS tp_count FROM `comment` WHERE ( tid = 8 ) LIMIT 1   [ RunTime:0.0002s ]
SQL: SELECT `isfavor` FROM `favorite` WHERE ( aid=1 and tid=8 ) LIMIT 1   [ RunTime:0.0002s ]
SQL: SELECT COUNT(*) AS tp_count FROM `favorite` WHERE ( tid = 7 and isfavor = 1 ) LIMIT 1   [ RunTime:0.0002s ]
SQL: SELECT COUNT(*) AS tp_count FROM `comment` WHERE ( tid = 7 ) LIMIT 1   [ RunTime:0.0002s ]
SQL: SELECT `isfavor` FROM `favorite` WHERE ( aid=1 and tid=7 ) LIMIT 1   [ RunTime:0.0002s ]
SQL: SELECT COUNT(*) AS tp_count FROM `favorite` WHERE ( tid = 6 and isfavor = 1 ) LIMIT 1   [ RunTime:0.0002s ]
SQL: SELECT COUNT(*) AS tp_count FROM `comment` WHERE ( tid = 6 ) LIMIT 1   [ RunTime:0.0002s ]
SQL: SELECT `isfavor` FROM `favorite` WHERE ( aid=1 and tid=6 ) LIMIT 1   [ RunTime:0.0002s ]
SQL: SELECT COUNT(*) AS tp_count FROM `favorite` WHERE ( tid = 5 and isfavor = 1 ) LIMIT 1   [ RunTime:0.0002s ]
SQL: SELECT COUNT(*) AS tp_count FROM `comment` WHERE ( tid = 5 ) LIMIT 1   [ RunTime:0.0002s ]
SQL: SELECT `isfavor` FROM `favorite` WHERE ( aid=1 and tid=5 ) LIMIT 1   [ RunTime:0.0002s ]

[ 2016-07-29T18:42:56+08:00 ] 192.168.11.117 /easysocial/index.php/Home/Public/showTweetRank
INFO: [ app_init ] --START--
INFO: Run Behavior\BuildLiteBehavior [ RunTime:0.000027s ]
INFO: [ app_init ] --END-- [ RunTime:0.000453s ]
INFO: [ app_begin ] --START--
INFO: Run Behavior\ReadHtmlCacheBehavior [ RunTime:0.000446s ]
INFO: [ app_begin ] --END-- [ RunTime:0.000568s ]
SQL: SHOW COLUMNS FROM `tweet` [ RunTime:0.0062s ]
SQL: SHOW COLUMNS FROM `favorite` [ RunTime:0.0039s ]
SQL: SHOW COLUMNS FROM `tweet` [ RunTime:0.0039s ]
SQL: SELECT a.*,b.* FROM tweet as a,account as b WHERE ( a.aid = b.aid )  [ RunTime:0.0004s ]
SQL: SELECT COUNT(*) AS tp_count FROM `favorite` WHERE ( tid = 1 ) LIMIT 1   [ RunTime:0.0002s ]
SQL: SELECT COUNT(*) AS tp_count FROM `favorite` WHERE ( tid = 2 ) LIMIT 1   [ RunTime:0.0002s ]
SQL: SELECT COUNT(*) AS tp_count FROM `favorite` WHERE ( tid = 3 ) LIMIT 1   [ RunTime:0.0002s ]
SQL: SELECT COUNT(*) AS tp_count FROM `favorite` WHERE ( tid = 4 ) LIMIT 1   [ RunTime:0.0002s ]
SQL: SELECT COUNT(*) AS tp_count FROM `favorite` WHERE ( tid = 5 ) LIMIT 1   [ RunTime:0.0002s ]
SQL: SELECT COUNT(*) AS tp_count FROM `favorite` WHERE ( tid = 6 ) LIMIT 1   [ RunTime:0.0002s ]
SQL: SELECT COUNT(*) AS tp_count FROM `favorite` WHERE ( tid = 7 ) LIMIT 1   [ RunTime:0.0002s ]
SQL: SELECT COUNT(*) AS tp_count FROM `favorite` WHERE ( tid = 8 ) LIMIT 1   [ RunTime:0.0002s ]
SQL: SELECT COUNT(*) AS tp_count FROM `favorite` WHERE ( tid = 9 ) LIMIT 1   [ RunTime:0.0002s ]

[ 2016-07-29T18:42:56+08:00 ] 192.168.11.117 /easysocial/index.php/Home/Public/showVideo
INFO: [ app_init ] --START--
INFO: Run Behavior\BuildLiteBehavior [ RunTime:0.000029s ]
INFO: [ app_init ] --END-- [ RunTime:0.000435s ]
INFO: [ app_begin ] --START--
INFO: Run Behavior\ReadHtmlCacheBehavior [ RunTime:0.000532s ]
INFO: [ app_begin ] --END-- [ RunTime:0.000663s ]
SQL: SHOW COLUMNS FROM `video` [ RunTime:0.0081s ]
SQL: SELECT COUNT(*) AS tp_count FROM `video` LIMIT 1   [ RunTime:0.0002s ]
SQL: SELECT * FROM `video` ORDER BY vid desc  [ RunTime:0.0002s ]

[ 2016-07-29T18:46:15+08:00 ] 192.168.11.117 /easysocial/index.php/Home/Public/showTweet
INFO: [ app_init ] --START--
INFO: Run Behavior\BuildLiteBehavior [ RunTime:0.000030s ]
INFO: [ app_init ] --END-- [ RunTime:0.000471s ]
INFO: [ app_begin ] --START--
INFO: Run Behavior\ReadHtmlCacheBehavior [ RunTime:0.000516s ]
INFO: [ app_begin ] --END-- [ RunTime:0.000656s ]
SQL: SHOW COLUMNS FROM `tweet` [ RunTime:0.0094s ]
SQL: SHOW COLUMNS FROM `account` [ RunTime:0.0080s ]
SQL: SELECT a.*,b.tid,b.content,b.picture,b.create_time,b.pic_width,b.pic_height FROM account as a,tweet as b WHERE ( a.aid = b.aid  ) ORDER BY b.tid desc LIMIT 0,5   [ RunTime:0.0007s ]
SQL: SHOW COLUMNS FROM `account` [ RunTime:0.0055s ]
SQL: SELECT COUNT(*) AS tp_count FROM account as a,tweet as b WHERE ( a.aid = b.aid  ) ORDER BY b.tid LIMIT 1   [ RunTime:0.0003s ]
SQL: SHOW COLUMNS FROM `favorite` [ RunTime:0.0103s ]
SQL: SHOW COLUMNS FROM `comment` [ RunTime:0.0082s ]
SQL: SELECT COUNT(*) AS tp_count FROM `favorite` WHERE ( tid = 9 and isfavor = 1 ) LIMIT 1   [ RunTime:0.0004s ]
SQL: SELECT COUNT(*) AS tp_count FROM `comment` WHERE ( tid = 9 ) LIMIT 1   [ RunTime:0.0002s ]
SQL: SELECT `isfavor` FROM `favorite` WHERE ( aid=1 and tid=9 ) LIMIT 1   [ RunTime:0.0002s ]
SQL: SELECT COUNT(*) AS tp_count FROM `favorite` WHERE ( tid = 8 and isfavor = 1 ) LIMIT 1   [ RunTime:0.0001s ]
SQL: SELECT COUNT(*) AS tp_count FROM `comment` WHERE ( tid = 8 ) LIMIT 1   [ RunTime:0.0003s ]
SQL: SELECT `isfavor` FROM `favorite` WHERE ( aid=1 and tid=8 ) LIMIT 1   [ RunTime:0.0002s ]
SQL: SELECT COUNT(*) AS tp_count FROM `favorite` WHERE ( tid = 7 and isfavor = 1 ) LIMIT 1   [ RunTime:0.0004s ]
SQL: SELECT COUNT(*) AS tp_count FROM `comment` WHERE ( tid = 7 ) LIMIT 1   [ RunTime:0.0002s ]
SQL: SELECT `isfavor` FROM `favorite` WHERE ( aid=1 and tid=7 ) LIMIT 1   [ RunTime:0.0003s ]
SQL: SELECT COUNT(*) AS tp_count FROM `favorite` WHERE ( tid = 6 and isfavor = 1 ) LIMIT 1   [ RunTime:0.0003s ]
SQL: SELECT COUNT(*) AS tp_count FROM `comment` WHERE ( tid = 6 ) LIMIT 1   [ RunTime:0.0002s ]
SQL: SELECT `isfavor` FROM `favorite` WHERE ( aid=1 and tid=6 ) LIMIT 1   [ RunTime:0.0001s ]
SQL: SELECT COUNT(*) AS tp_count FROM `favorite` WHERE ( tid = 5 and isfavor = 1 ) LIMIT 1   [ RunTime:0.0002s ]
SQL: SELECT COUNT(*) AS tp_count FROM `comment` WHERE ( tid = 5 ) LIMIT 1   [ RunTime:0.0001s ]
SQL: SELECT `isfavor` FROM `favorite` WHERE ( aid=1 and tid=5 ) LIMIT 1   [ RunTime:0.0002s ]

[ 2016-07-29T18:46:15+08:00 ] 192.168.11.117 /easysocial/index.php/Home/Public/showTweetRank
INFO: [ app_init ] --START--
INFO: Run Behavior\BuildLiteBehavior [ RunTime:0.000027s ]
INFO: [ app_init ] --END-- [ RunTime:0.000417s ]
INFO: [ app_begin ] --START--
INFO: Run Behavior\ReadHtmlCacheBehavior [ RunTime:0.000458s ]
INFO: [ app_begin ] --END-- [ RunTime:0.000582s ]
SQL: SHOW COLUMNS FROM `tweet` [ RunTime:0.0063s ]
SQL: SHOW COLUMNS FROM `favorite` [ RunTime:0.0045s ]
SQL: SHOW COLUMNS FROM `tweet` [ RunTime:0.0037s ]
SQL: SELECT a.*,b.* FROM tweet as a,account as b WHERE ( a.aid = b.aid )  [ RunTime:0.0017s ]
SQL: SELECT COUNT(*) AS tp_count FROM `favorite` WHERE ( tid = 1 ) LIMIT 1   [ RunTime:0.0013s ]
SQL: SELECT COUNT(*) AS tp_count FROM `favorite` WHERE ( tid = 2 ) LIMIT 1   [ RunTime:0.0007s ]
SQL: SELECT COUNT(*) AS tp_count FROM `favorite` WHERE ( tid = 3 ) LIMIT 1   [ RunTime:0.0002s ]
SQL: SELECT COUNT(*) AS tp_count FROM `favorite` WHERE ( tid = 4 ) LIMIT 1   [ RunTime:0.0001s ]
SQL: SELECT COUNT(*) AS tp_count FROM `favorite` WHERE ( tid = 5 ) LIMIT 1   [ RunTime:0.0001s ]
SQL: SELECT COUNT(*) AS tp_count FROM `favorite` WHERE ( tid = 6 ) LIMIT 1   [ RunTime:0.0001s ]
SQL: SELECT COUNT(*) AS tp_count FROM `favorite` WHERE ( tid = 7 ) LIMIT 1   [ RunTime:0.0001s ]
SQL: SELECT COUNT(*) AS tp_count FROM `favorite` WHERE ( tid = 8 ) LIMIT 1   [ RunTime:0.0001s ]
SQL: SELECT COUNT(*) AS tp_count FROM `favorite` WHERE ( tid = 9 ) LIMIT 1   [ RunTime:0.0001s ]

[ 2016-07-29T18:46:16+08:00 ] 192.168.11.117 /easysocial/index.php/Home/Public/showVideo
INFO: [ app_init ] --START--
INFO: Run Behavior\BuildLiteBehavior [ RunTime:0.000028s ]
INFO: [ app_init ] --END-- [ RunTime:0.000401s ]
INFO: [ app_begin ] --START--
INFO: Run Behavior\ReadHtmlCacheBehavior [ RunTime:0.000446s ]
INFO: [ app_begin ] --END-- [ RunTime:0.000567s ]
SQL: SHOW COLUMNS FROM `video` [ RunTime:0.0109s ]
SQL: SELECT COUNT(*) AS tp_count FROM `video` LIMIT 1   [ RunTime:0.0004s ]
SQL: SELECT * FROM `video` ORDER BY vid desc  [ RunTime:0.0003s ]

[ 2016-07-29T19:05:07+08:00 ] 192.168.11.117 /easysocial/index.php/Home/Public/showTweet
INFO: [ app_init ] --START--
INFO: Run Behavior\BuildLiteBehavior [ RunTime:0.000024s ]
INFO: [ app_init ] --END-- [ RunTime:0.000396s ]
INFO: [ app_begin ] --START--
INFO: Run Behavior\ReadHtmlCacheBehavior [ RunTime:0.000454s ]
INFO: [ app_begin ] --END-- [ RunTime:0.000571s ]
SQL: SHOW COLUMNS FROM `tweet` [ RunTime:0.0080s ]
SQL: SHOW COLUMNS FROM `account` [ RunTime:0.0056s ]
SQL: SELECT a.*,b.tid,b.content,b.picture,b.create_time,b.pic_width,b.pic_height FROM account as a,tweet as b WHERE ( a.aid = b.aid  ) ORDER BY b.tid desc LIMIT 0,5   [ RunTime:0.0007s ]
SQL: SHOW COLUMNS FROM `account` [ RunTime:0.0035s ]
SQL: SELECT COUNT(*) AS tp_count FROM account as a,tweet as b WHERE ( a.aid = b.aid  ) ORDER BY b.tid LIMIT 1   [ RunTime:0.0002s ]
SQL: SHOW COLUMNS FROM `favorite` [ RunTime:0.0054s ]
SQL: SHOW COLUMNS FROM `comment` [ RunTime:0.0056s ]
SQL: SELECT COUNT(*) AS tp_count FROM `favorite` WHERE ( tid = 9 and isfavor = 1 ) LIMIT 1   [ RunTime:0.0003s ]
SQL: SELECT COUNT(*) AS tp_count FROM `comment` WHERE ( tid = 9 ) LIMIT 1   [ RunTime:0.0002s ]
NOTIC: [8] Undefined variable: isFavor D:\www\easysocial\Application\Home\Controller\PublicController.class.php 第 55 行.
SQL: SELECT COUNT(*) AS tp_count FROM `favorite` WHERE ( tid = 8 and isfavor = 1 ) LIMIT 1   [ RunTime:0.0002s ]
SQL: SELECT COUNT(*) AS tp_count FROM `comment` WHERE ( tid = 8 ) LIMIT 1   [ RunTime:0.0001s ]
NOTIC: [8] Undefined variable: isFavor D:\www\easysocial\Application\Home\Controller\PublicController.class.php 第 55 行.
SQL: SELECT COUNT(*) AS tp_count FROM `favorite` WHERE ( tid = 7 and isfavor = 1 ) LIMIT 1   [ RunTime:0.0001s ]
SQL: SELECT COUNT(*) AS tp_count FROM `comment` WHERE ( tid = 7 ) LIMIT 1   [ RunTime:0.0001s ]
NOTIC: [8] Undefined variable: isFavor D:\www\easysocial\Application\Home\Controller\PublicController.class.php 第 55 行.
SQL: SELECT COUNT(*) AS tp_count FROM `favorite` WHERE ( tid = 6 and isfavor = 1 ) LIMIT 1   [ RunTime:0.0002s ]
SQL: SELECT COUNT(*) AS tp_count FROM `comment` WHERE ( tid = 6 ) LIMIT 1   [ RunTime:0.0001s ]
NOTIC: [8] Undefined variable: isFavor D:\www\easysocial\Application\Home\Controller\PublicController.class.php 第 55 行.
SQL: SELECT COUNT(*) AS tp_count FROM `favorite` WHERE ( tid = 5 and isfavor = 1 ) LIMIT 1   [ RunTime:0.0001s ]
SQL: SELECT COUNT(*) AS tp_count FROM `comment` WHERE ( tid = 5 ) LIMIT 1   [ RunTime:0.0001s ]
NOTIC: [8] Undefined variable: isFavor D:\www\easysocial\Application\Home\Controller\PublicController.class.php 第 55 行.

[ 2016-07-29T19:05:08+08:00 ] 192.168.11.117 /easysocial/index.php/Home/Public/showTweetRank
INFO: [ app_init ] --START--
INFO: Run Behavior\BuildLiteBehavior [ RunTime:0.000026s ]
INFO: [ app_init ] --END-- [ RunTime:0.000397s ]
INFO: [ app_begin ] --START--
INFO: Run Behavior\ReadHtmlCacheBehavior [ RunTime:0.000437s ]
INFO: [ app_begin ] --END-- [ RunTime:0.000561s ]
SQL: SHOW COLUMNS FROM `tweet` [ RunTime:0.0048s ]
SQL: SHOW COLUMNS FROM `favorite` [ RunTime:0.0075s ]
SQL: SHOW COLUMNS FROM `tweet` [ RunTime:0.0057s ]
SQL: SELECT a.*,b.* FROM tweet as a,account as b WHERE ( a.aid = b.aid )  [ RunTime:0.0004s ]
SQL: SELECT COUNT(*) AS tp_count FROM `favorite` WHERE ( tid = 1 ) LIMIT 1   [ RunTime:0.0002s ]
SQL: SELECT COUNT(*) AS tp_count FROM `favorite` WHERE ( tid = 2 ) LIMIT 1   [ RunTime:0.0002s ]
SQL: SELECT COUNT(*) AS tp_count FROM `favorite` WHERE ( tid = 3 ) LIMIT 1   [ RunTime:0.0002s ]
SQL: SELECT COUNT(*) AS tp_count FROM `favorite` WHERE ( tid = 4 ) LIMIT 1   [ RunTime:0.0001s ]
SQL: SELECT COUNT(*) AS tp_count FROM `favorite` WHERE ( tid = 5 ) LIMIT 1   [ RunTime:0.0001s ]
SQL: SELECT COUNT(*) AS tp_count FROM `favorite` WHERE ( tid = 6 ) LIMIT 1   [ RunTime:0.0001s ]
SQL: SELECT COUNT(*) AS tp_count FROM `favorite` WHERE ( tid = 7 ) LIMIT 1   [ RunTime:0.0001s ]
SQL: SELECT COUNT(*) AS tp_count FROM `favorite` WHERE ( tid = 8 ) LIMIT 1   [ RunTime:0.0002s ]
SQL: SELECT COUNT(*) AS tp_count FROM `favorite` WHERE ( tid = 9 ) LIMIT 1   [ RunTime:0.0001s ]

[ 2016-07-29T19:05:08+08:00 ] 192.168.11.117 /easysocial/index.php/Home/Public/showVideo
INFO: [ app_init ] --START--
INFO: Run Behavior\BuildLiteBehavior [ RunTime:0.000024s ]
INFO: [ app_init ] --END-- [ RunTime:0.000376s ]
INFO: [ app_begin ] --START--
INFO: Run Behavior\ReadHtmlCacheBehavior [ RunTime:0.000572s ]
INFO: [ app_begin ] --END-- [ RunTime:0.000694s ]
SQL: SHOW COLUMNS FROM `video` [ RunTime:0.0080s ]
SQL: SELECT COUNT(*) AS tp_count FROM `video` LIMIT 1   [ RunTime:0.0003s ]
SQL: SELECT * FROM `video` ORDER BY vid desc  [ RunTime:0.0002s ]

[ 2016-07-29T19:08:56+08:00 ] 192.168.11.117 /easysocial/index.php/Home/Public/showTweet
INFO: [ app_init ] --START--
INFO: Run Behavior\BuildLiteBehavior [ RunTime:0.000027s ]
INFO: [ app_init ] --END-- [ RunTime:0.000406s ]
INFO: [ app_begin ] --START--
INFO: Run Behavior\ReadHtmlCacheBehavior [ RunTime:0.000446s ]
INFO: [ app_begin ] --END-- [ RunTime:0.000564s ]
SQL: SHOW COLUMNS FROM `tweet` [ RunTime:0.0083s ]
SQL: SHOW COLUMNS FROM `account` [ RunTime:0.0055s ]
SQL: SELECT a.*,b.tid,b.content,b.picture,b.create_time,b.pic_width,b.pic_height FROM account as a,tweet as b WHERE ( a.aid = b.aid  ) ORDER BY b.tid desc LIMIT 0,5   [ RunTime:0.0006s ]
SQL: SHOW COLUMNS FROM `account` [ RunTime:0.0036s ]
SQL: SELECT COUNT(*) AS tp_count FROM account as a,tweet as b WHERE ( a.aid = b.aid  ) ORDER BY b.tid LIMIT 1   [ RunTime:0.0002s ]
SQL: SHOW COLUMNS FROM `favorite` [ RunTime:0.0054s ]
SQL: SHOW COLUMNS FROM `comment` [ RunTime:0.0056s ]
SQL: SELECT COUNT(*) AS tp_count FROM `favorite` WHERE ( tid = 9 and isfavor = 1 ) LIMIT 1   [ RunTime:0.0003s ]
SQL: SELECT COUNT(*) AS tp_count FROM `comment` WHERE ( tid = 9 ) LIMIT 1   [ RunTime:0.0002s ]
NOTIC: [8] Undefined variable: isFavor D:\www\easysocial\Application\Home\Controller\PublicController.class.php 第 55 行.
SQL: SELECT COUNT(*) AS tp_count FROM `favorite` WHERE ( tid = 8 and isfavor = 1 ) LIMIT 1   [ RunTime:0.0002s ]
SQL: SELECT COUNT(*) AS tp_count FROM `comment` WHERE ( tid = 8 ) LIMIT 1   [ RunTime:0.0002s ]
NOTIC: [8] Undefined variable: isFavor D:\www\easysocial\Application\Home\Controller\PublicController.class.php 第 55 行.
SQL: SELECT COUNT(*) AS tp_count FROM `favorite` WHERE ( tid = 7 and isfavor = 1 ) LIMIT 1   [ RunTime:0.0002s ]
SQL: SELECT COUNT(*) AS tp_count FROM `comment` WHERE ( tid = 7 ) LIMIT 1   [ RunTime:0.0002s ]
NOTIC: [8] Undefined variable: isFavor D:\www\easysocial\Application\Home\Controller\PublicController.class.php 第 55 行.
SQL: SELECT COUNT(*) AS tp_count FROM `favorite` WHERE ( tid = 6 and isfavor = 1 ) LIMIT 1   [ RunTime:0.0002s ]
SQL: SELECT COUNT(*) AS tp_count FROM `comment` WHERE ( tid = 6 ) LIMIT 1   [ RunTime:0.0002s ]
NOTIC: [8] Undefined variable: isFavor D:\www\easysocial\Application\Home\Controller\PublicController.class.php 第 55 行.
SQL: SELECT COUNT(*) AS tp_count FROM `favorite` WHERE ( tid = 5 and isfavor = 1 ) LIMIT 1   [ RunTime:0.0002s ]
SQL: SELECT COUNT(*) AS tp_count FROM `comment` WHERE ( tid = 5 ) LIMIT 1   [ RunTime:0.0002s ]
NOTIC: [8] Undefined variable: isFavor D:\www\easysocial\Application\Home\Controller\PublicController.class.php 第 55 行.

[ 2016-07-29T19:08:56+08:00 ] 192.168.11.117 /easysocial/index.php/Home/Public/showTweetRank
INFO: [ app_init ] --START--
INFO: Run Behavior\BuildLiteBehavior [ RunTime:0.000025s ]
INFO: [ app_init ] --END-- [ RunTime:0.000395s ]
INFO: [ app_begin ] --START--
INFO: Run Behavior\ReadHtmlCacheBehavior [ RunTime:0.000506s ]
INFO: [ app_begin ] --END-- [ RunTime:0.000632s ]
SQL: SHOW COLUMNS FROM `tweet` [ RunTime:0.0040s ]
SQL: SHOW COLUMNS FROM `favorite` [ RunTime:0.0033s ]
SQL: SHOW COLUMNS FROM `tweet` [ RunTime:0.0033s ]
SQL: SELECT a.*,b.* FROM tweet as a,account as b WHERE ( a.aid = b.aid )  [ RunTime:0.0003s ]
SQL: SELECT COUNT(*) AS tp_count FROM `favorite` WHERE ( tid = 1 ) LIMIT 1   [ RunTime:0.0002s ]
SQL: SELECT COUNT(*) AS tp_count FROM `favorite` WHERE ( tid = 2 ) LIMIT 1   [ RunTime:0.0001s ]
SQL: SELECT COUNT(*) AS tp_count FROM `favorite` WHERE ( tid = 3 ) LIMIT 1   [ RunTime:0.0001s ]
SQL: SELECT COUNT(*) AS tp_count FROM `favorite` WHERE ( tid = 4 ) LIMIT 1   [ RunTime:0.0001s ]
SQL: SELECT COUNT(*) AS tp_count FROM `favorite` WHERE ( tid = 5 ) LIMIT 1   [ RunTime:0.0001s ]
SQL: SELECT COUNT(*) AS tp_count FROM `favorite` WHERE ( tid = 6 ) LIMIT 1   [ RunTime:0.0001s ]
SQL: SELECT COUNT(*) AS tp_count FROM `favorite` WHERE ( tid = 7 ) LIMIT 1   [ RunTime:0.0001s ]
SQL: SELECT COUNT(*) AS tp_count FROM `favorite` WHERE ( tid = 8 ) LIMIT 1   [ RunTime:0.0001s ]
SQL: SELECT COUNT(*) AS tp_count FROM `favorite` WHERE ( tid = 9 ) LIMIT 1   [ RunTime:0.0002s ]

[ 2016-07-29T19:08:57+08:00 ] 192.168.11.117 /easysocial/index.php/Home/Public/showVideo
INFO: [ app_init ] --START--
INFO: Run Behavior\BuildLiteBehavior [ RunTime:0.000026s ]
INFO: [ app_init ] --END-- [ RunTime:0.000423s ]
INFO: [ app_begin ] --START--
INFO: Run Behavior\ReadHtmlCacheBehavior [ RunTime:0.000438s ]
INFO: [ app_begin ] --END-- [ RunTime:0.000564s ]
SQL: SHOW COLUMNS FROM `video` [ RunTime:0.0109s ]
SQL: SELECT COUNT(*) AS tp_count FROM `video` LIMIT 1   [ RunTime:0.0003s ]
SQL: SELECT * FROM `video` ORDER BY vid desc  [ RunTime:0.0002s ]

[ 2016-07-29T19:12:33+08:00 ] 192.168.11.117 /easysocial/index.php/Home/Public/showVideo
INFO: [ app_init ] --START--
INFO: Run Behavior\BuildLiteBehavior [ RunTime:0.000027s ]
INFO: [ app_init ] --END-- [ RunTime:0.000403s ]
INFO: [ app_begin ] --START--
INFO: Run Behavior\ReadHtmlCacheBehavior [ RunTime:0.000441s ]
INFO: [ app_begin ] --END-- [ RunTime:0.000560s ]
SQL: SHOW COLUMNS FROM `video` [ RunTime:0.0090s ]
SQL: SELECT COUNT(*) AS tp_count FROM `video` LIMIT 1   [ RunTime:0.0003s ]
SQL: SELECT * FROM `video` ORDER BY vid desc  [ RunTime:0.0002s ]

[ 2016-07-29T19:15:18+08:00 ] 192.168.11.117 /easysocial/index.php/Home/Public/showTweet
INFO: [ app_init ] --START--
INFO: Run Behavior\BuildLiteBehavior [ RunTime:0.000029s ]
INFO: [ app_init ] --END-- [ RunTime:0.000421s ]
INFO: [ app_begin ] --START--
INFO: Run Behavior\ReadHtmlCacheBehavior [ RunTime:0.000565s ]
INFO: [ app_begin ] --END-- [ RunTime:0.000708s ]
SQL: SHOW COLUMNS FROM `tweet` [ RunTime:0.0096s ]
SQL: SHOW COLUMNS FROM `account` [ RunTime:0.0068s ]
SQL: SELECT a.*,b.tid,b.content,b.picture,b.create_time,b.pic_width,b.pic_height FROM account as a,tweet as b WHERE ( a.aid = b.aid  ) ORDER BY b.tid desc LIMIT 0,5   [ RunTime:0.0006s ]
SQL: SHOW COLUMNS FROM `account` [ RunTime:0.0054s ]
SQL: SELECT COUNT(*) AS tp_count FROM account as a,tweet as b WHERE ( a.aid = b.aid  ) ORDER BY b.tid LIMIT 1   [ RunTime:0.0004s ]
SQL: SHOW COLUMNS FROM `favorite` [ RunTime:0.0086s ]
SQL: SHOW COLUMNS FROM `comment` [ RunTime:0.0060s ]
SQL: SELECT COUNT(*) AS tp_count FROM `favorite` WHERE ( tid = 9 and isfavor = 1 ) LIMIT 1   [ RunTime:0.0003s ]
SQL: SELECT COUNT(*) AS tp_count FROM `comment` WHERE ( tid = 9 ) LIMIT 1   [ RunTime:0.0001s ]
SQL: SELECT `isfavor` FROM `favorite` WHERE ( aid=1 and tid=9 ) LIMIT 1   [ RunTime:0.0001s ]
SQL: SELECT COUNT(*) AS tp_count FROM `favorite` WHERE ( tid = 8 and isfavor = 1 ) LIMIT 1   [ RunTime:0.0001s ]
SQL: SELECT COUNT(*) AS tp_count FROM `comment` WHERE ( tid = 8 ) LIMIT 1   [ RunTime:0.0001s ]
SQL: SELECT `isfavor` FROM `favorite` WHERE ( aid=1 and tid=8 ) LIMIT 1   [ RunTime:0.0001s ]
SQL: SELECT COUNT(*) AS tp_count FROM `favorite` WHERE ( tid = 7 and isfavor = 1 ) LIMIT 1   [ RunTime:0.0001s ]
SQL: SELECT COUNT(*) AS tp_count FROM `comment` WHERE ( tid = 7 ) LIMIT 1   [ RunTime:0.0001s ]
SQL: SELECT `isfavor` FROM `favorite` WHERE ( aid=1 and tid=7 ) LIMIT 1   [ RunTime:0.0001s ]
SQL: SELECT COUNT(*) AS tp_count FROM `favorite` WHERE ( tid = 6 and isfavor = 1 ) LIMIT 1   [ RunTime:0.0001s ]
SQL: SELECT COUNT(*) AS tp_count FROM `comment` WHERE ( tid = 6 ) LIMIT 1   [ RunTime:0.0001s ]
SQL: SELECT `isfavor` FROM `favorite` WHERE ( aid=1 and tid=6 ) LIMIT 1   [ RunTime:0.0001s ]
SQL: SELECT COUNT(*) AS tp_count FROM `favorite` WHERE ( tid = 5 and isfavor = 1 ) LIMIT 1   [ RunTime:0.0001s ]
SQL: SELECT COUNT(*) AS tp_count FROM `comment` WHERE ( tid = 5 ) LIMIT 1   [ RunTime:0.0002s ]
SQL: SELECT `isfavor` FROM `favorite` WHERE ( aid=1 and tid=5 ) LIMIT 1   [ RunTime:0.0001s ]

[ 2016-07-29T19:15:18+08:00 ] 192.168.11.117 /easysocial/index.php/Home/Public/showTweetRank
INFO: [ app_init ] --START--
INFO: Run Behavior\BuildLiteBehavior [ RunTime:0.000035s ]
INFO: [ app_init ] --END-- [ RunTime:0.000425s ]
INFO: [ app_begin ] --START--
INFO: Run Behavior\ReadHtmlCacheBehavior [ RunTime:0.000448s ]
INFO: [ app_begin ] --END-- [ RunTime:0.000569s ]
SQL: SHOW COLUMNS FROM `tweet` [ RunTime:0.0038s ]
SQL: SHOW COLUMNS FROM `favorite` [ RunTime:0.0036s ]
SQL: SHOW COLUMNS FROM `tweet` [ RunTime:0.0055s ]
SQL: SELECT a.*,b.* FROM tweet as a,account as b WHERE ( a.aid = b.aid )  [ RunTime:0.0005s ]
SQL: SELECT COUNT(*) AS tp_count FROM `favorite` WHERE ( tid = 1 ) LIMIT 1   [ RunTime:0.0002s ]
SQL: SELECT COUNT(*) AS tp_count FROM `favorite` WHERE ( tid = 2 ) LIMIT 1   [ RunTime:0.0002s ]
SQL: SELECT COUNT(*) AS tp_count FROM `favorite` WHERE ( tid = 3 ) LIMIT 1   [ RunTime:0.0001s ]
SQL: SELECT COUNT(*) AS tp_count FROM `favorite` WHERE ( tid = 4 ) LIMIT 1   [ RunTime:0.0002s ]
SQL: SELECT COUNT(*) AS tp_count FROM `favorite` WHERE ( tid = 5 ) LIMIT 1   [ RunTime:0.0001s ]
SQL: SELECT COUNT(*) AS tp_count FROM `favorite` WHERE ( tid = 6 ) LIMIT 1   [ RunTime:0.0001s ]
SQL: SELECT COUNT(*) AS tp_count FROM `favorite` WHERE ( tid = 7 ) LIMIT 1   [ RunTime:0.0001s ]
SQL: SELECT COUNT(*) AS tp_count FROM `favorite` WHERE ( tid = 8 ) LIMIT 1   [ RunTime:0.0001s ]
SQL: SELECT COUNT(*) AS tp_count FROM `favorite` WHERE ( tid = 9 ) LIMIT 1   [ RunTime:0.0002s ]

[ 2016-07-29T19:15:18+08:00 ] 192.168.11.117 /easysocial/index.php/Home/Public/showVideo
INFO: [ app_init ] --START--
INFO: Run Behavior\BuildLiteBehavior [ RunTime:0.000029s ]
INFO: [ app_init ] --END-- [ RunTime:0.000464s ]
INFO: [ app_begin ] --START--
INFO: Run Behavior\ReadHtmlCacheBehavior [ RunTime:0.000651s ]
INFO: [ app_begin ] --END-- [ RunTime:0.000799s ]
SQL: SHOW COLUMNS FROM `video` [ RunTime:0.0075s ]
SQL: SELECT COUNT(*) AS tp_count FROM `video` LIMIT 1   [ RunTime:0.0002s ]
SQL: SELECT * FROM `video` ORDER BY vid desc  [ RunTime:0.0002s ]

[ 2016-07-29T19:17:38+08:00 ] 192.168.11.117 /easysocial/index.php/Home/Public/showTweet
INFO: [ app_init ] --START--
INFO: Run Behavior\BuildLiteBehavior [ RunTime:0.000029s ]
INFO: [ app_init ] --END-- [ RunTime:0.000426s ]
INFO: [ app_begin ] --START--
INFO: Run Behavior\ReadHtmlCacheBehavior [ RunTime:0.000499s ]
INFO: [ app_begin ] --END-- [ RunTime:0.000624s ]
SQL: SHOW COLUMNS FROM `tweet` [ RunTime:0.2521s ]
SQL: SHOW COLUMNS FROM `account` [ RunTime:0.0108s ]
SQL: SELECT a.*,b.tid,b.content,b.picture,b.create_time,b.pic_width,b.pic_height FROM account as a,tweet as b WHERE ( a.aid = b.aid  ) ORDER BY b.tid desc LIMIT 0,5   [ RunTime:0.0008s ]
SQL: SHOW COLUMNS FROM `account` [ RunTime:0.0045s ]
SQL: SELECT COUNT(*) AS tp_count FROM account as a,tweet as b WHERE ( a.aid = b.aid  ) ORDER BY b.tid LIMIT 1   [ RunTime:0.0006s ]
SQL: SHOW COLUMNS FROM `favorite` [ RunTime:0.0060s ]
SQL: SHOW COLUMNS FROM `comment` [ RunTime:0.0055s ]
SQL: SELECT COUNT(*) AS tp_count FROM `favorite` WHERE ( tid = 9 and isfavor = 1 ) LIMIT 1   [ RunTime:0.0004s ]
SQL: SELECT COUNT(*) AS tp_count FROM `comment` WHERE ( tid = 9 ) LIMIT 1   [ RunTime:0.0002s ]
SQL: SELECT `isfavor` FROM `favorite` WHERE ( aid=1 and tid=9 ) LIMIT 1   [ RunTime:0.0002s ]
SQL: SELECT COUNT(*) AS tp_count FROM `favorite` WHERE ( tid = 8 and isfavor = 1 ) LIMIT 1   [ RunTime:0.0002s ]
SQL: SELECT COUNT(*) AS tp_count FROM `comment` WHERE ( tid = 8 ) LIMIT 1   [ RunTime:0.0002s ]
SQL: SELECT `isfavor` FROM `favorite` WHERE ( aid=1 and tid=8 ) LIMIT 1   [ RunTime:0.0001s ]
SQL: SELECT COUNT(*) AS tp_count FROM `favorite` WHERE ( tid = 7 and isfavor = 1 ) LIMIT 1   [ RunTime:0.0001s ]
SQL: SELECT COUNT(*) AS tp_count FROM `comment` WHERE ( tid = 7 ) LIMIT 1   [ RunTime:0.0001s ]
SQL: SELECT `isfavor` FROM `favorite` WHERE ( aid=1 and tid=7 ) LIMIT 1   [ RunTime:0.0002s ]
SQL: SELECT COUNT(*) AS tp_count FROM `favorite` WHERE ( tid = 6 and isfavor = 1 ) LIMIT 1   [ RunTime:0.0002s ]
SQL: SELECT COUNT(*) AS tp_count FROM `comment` WHERE ( tid = 6 ) LIMIT 1   [ RunTime:0.0002s ]
SQL: SELECT `isfavor` FROM `favorite` WHERE ( aid=1 and tid=6 ) LIMIT 1   [ RunTime:0.0002s ]
SQL: SELECT COUNT(*) AS tp_count FROM `favorite` WHERE ( tid = 5 and isfavor = 1 ) LIMIT 1   [ RunTime:0.0002s ]
SQL: SELECT COUNT(*) AS tp_count FROM `comment` WHERE ( tid = 5 ) LIMIT 1   [ RunTime:0.0002s ]
SQL: SELECT `isfavor` FROM `favorite` WHERE ( aid=1 and tid=5 ) LIMIT 1   [ RunTime:0.0002s ]

[ 2016-07-29T19:17:38+08:00 ] 192.168.11.117 /easysocial/index.php/Home/Public/showTweetRank
INFO: [ app_init ] --START--
INFO: Run Behavior\BuildLiteBehavior [ RunTime:0.000029s ]
INFO: [ app_init ] --END-- [ RunTime:0.000435s ]
INFO: [ app_begin ] --START--
INFO: Run Behavior\ReadHtmlCacheBehavior [ RunTime:0.000463s ]
INFO: [ app_begin ] --END-- [ RunTime:0.000587s ]
SQL: SHOW COLUMNS FROM `tweet` [ RunTime:0.0059s ]
SQL: SHOW COLUMNS FROM `favorite` [ RunTime:0.0039s ]
SQL: SHOW COLUMNS FROM `tweet` [ RunTime:0.0038s ]
SQL: SELECT a.*,b.* FROM tweet as a,account as b WHERE ( a.aid = b.aid )  [ RunTime:0.0003s ]
SQL: SELECT COUNT(*) AS tp_count FROM `favorite` WHERE ( tid = 1 ) LIMIT 1   [ RunTime:0.0002s ]
SQL: SELECT COUNT(*) AS tp_count FROM `favorite` WHERE ( tid = 2 ) LIMIT 1   [ RunTime:0.0001s ]
SQL: SELECT COUNT(*) AS tp_count FROM `favorite` WHERE ( tid = 3 ) LIMIT 1   [ RunTime:0.0001s ]
SQL: SELECT COUNT(*) AS tp_count FROM `favorite` WHERE ( tid = 4 ) LIMIT 1   [ RunTime:0.0001s ]
SQL: SELECT COUNT(*) AS tp_count FROM `favorite` WHERE ( tid = 5 ) LIMIT 1   [ RunTime:0.0001s ]
SQL: SELECT COUNT(*) AS tp_count FROM `favorite` WHERE ( tid = 6 ) LIMIT 1   [ RunTime:0.0001s ]
SQL: SELECT COUNT(*) AS tp_count FROM `favorite` WHERE ( tid = 7 ) LIMIT 1   [ RunTime:0.0001s ]
SQL: SELECT COUNT(*) AS tp_count FROM `favorite` WHERE ( tid = 8 ) LIMIT 1   [ RunTime:0.0001s ]
SQL: SELECT COUNT(*) AS tp_count FROM `favorite` WHERE ( tid = 9 ) LIMIT 1   [ RunTime:0.0001s ]

[ 2016-07-29T19:17:38+08:00 ] 192.168.11.117 /easysocial/index.php/Home/Public/showVideo
INFO: [ app_init ] --START--
INFO: Run Behavior\BuildLiteBehavior [ RunTime:0.000028s ]
INFO: [ app_init ] --END-- [ RunTime:0.000415s ]
INFO: [ app_begin ] --START--
INFO: Run Behavior\ReadHtmlCacheBehavior [ RunTime:0.000465s ]
INFO: [ app_begin ] --END-- [ RunTime:0.000595s ]
SQL: SHOW COLUMNS FROM `video` [ RunTime:0.0093s ]
SQL: SELECT COUNT(*) AS tp_count FROM `video` LIMIT 1   [ RunTime:0.0002s ]
SQL: SELECT * FROM `video` ORDER BY vid desc  [ RunTime:0.0003s ]

[ 2016-07-29T19:29:25+08:00 ] 192.168.11.117 /easysocial/index.php/Home/Public/showTweet
INFO: [ app_init ] --START--
INFO: Run Behavior\BuildLiteBehavior [ RunTime:0.000042s ]
INFO: [ app_init ] --END-- [ RunTime:0.000592s ]
INFO: [ app_begin ] --START--
INFO: Run Behavior\ReadHtmlCacheBehavior [ RunTime:0.000526s ]
INFO: [ app_begin ] --END-- [ RunTime:0.000664s ]
SQL: SHOW COLUMNS FROM `tweet` [ RunTime:0.0464s ]
SQL: SHOW COLUMNS FROM `account` [ RunTime:0.0113s ]
SQL: SELECT a.*,b.tid,b.content,b.picture,b.create_time,b.pic_width,b.pic_height FROM account as a,tweet as b WHERE ( a.aid = b.aid  ) ORDER BY b.tid desc LIMIT 0,5   [ RunTime:0.0012s ]
SQL: SHOW COLUMNS FROM `account` [ RunTime:0.0044s ]
SQL: SELECT COUNT(*) AS tp_count FROM account as a,tweet as b WHERE ( a.aid = b.aid  ) ORDER BY b.tid LIMIT 1   [ RunTime:0.0003s ]
SQL: SHOW COLUMNS FROM `favorite` [ RunTime:0.0102s ]
SQL: SHOW COLUMNS FROM `comment` [ RunTime:0.0063s ]
SQL: SELECT COUNT(*) AS tp_count FROM `favorite` WHERE ( tid = 9 and isfavor = 1 ) LIMIT 1   [ RunTime:0.0006s ]
SQL: SELECT COUNT(*) AS tp_count FROM `comment` WHERE ( tid = 9 ) LIMIT 1   [ RunTime:0.0003s ]
SQL: SELECT `isfavor` FROM `favorite` WHERE ( aid=1 and tid=9 ) LIMIT 1   [ RunTime:0.0002s ]
SQL: SELECT COUNT(*) AS tp_count FROM `favorite` WHERE ( tid = 8 and isfavor = 1 ) LIMIT 1   [ RunTime:0.0002s ]
SQL: SELECT COUNT(*) AS tp_count FROM `comment` WHERE ( tid = 8 ) LIMIT 1   [ RunTime:0.0002s ]
SQL: SELECT `isfavor` FROM `favorite` WHERE ( aid=1 and tid=8 ) LIMIT 1   [ RunTime:0.0002s ]
SQL: SELECT COUNT(*) AS tp_count FROM `favorite` WHERE ( tid = 7 and isfavor = 1 ) LIMIT 1   [ RunTime:0.0002s ]
SQL: SELECT COUNT(*) AS tp_count FROM `comment` WHERE ( tid = 7 ) LIMIT 1   [ RunTime:0.0003s ]
SQL: SELECT `isfavor` FROM `favorite` WHERE ( aid=1 and tid=7 ) LIMIT 1   [ RunTime:0.0008s ]
SQL: SELECT COUNT(*) AS tp_count FROM `favorite` WHERE ( tid = 6 and isfavor = 1 ) LIMIT 1   [ RunTime:0.0002s ]
SQL: SELECT COUNT(*) AS tp_count FROM `comment` WHERE ( tid = 6 ) LIMIT 1   [ RunTime:0.0002s ]
SQL: SELECT `isfavor` FROM `favorite` WHERE ( aid=1 and tid=6 ) LIMIT 1   [ RunTime:0.0002s ]
SQL: SELECT COUNT(*) AS tp_count FROM `favorite` WHERE ( tid = 5 and isfavor = 1 ) LIMIT 1   [ RunTime:0.0004s ]
SQL: SELECT COUNT(*) AS tp_count FROM `comment` WHERE ( tid = 5 ) LIMIT 1   [ RunTime:0.0002s ]
SQL: SELECT `isfavor` FROM `favorite` WHERE ( aid=1 and tid=5 ) LIMIT 1   [ RunTime:0.0002s ]

[ 2016-07-29T19:29:25+08:00 ] 192.168.11.117 /easysocial/index.php/Home/Public/showTweetRank
INFO: [ app_init ] --START--
INFO: Run Behavior\BuildLiteBehavior [ RunTime:0.000027s ]
INFO: [ app_init ] --END-- [ RunTime:0.000402s ]
INFO: [ app_begin ] --START--
INFO: Run Behavior\ReadHtmlCacheBehavior [ RunTime:0.000499s ]
INFO: [ app_begin ] --END-- [ RunTime:0.000641s ]
SQL: SHOW COLUMNS FROM `tweet` [ RunTime:0.0037s ]
SQL: SHOW COLUMNS FROM `favorite` [ RunTime:0.0038s ]
SQL: SHOW COLUMNS FROM `tweet` [ RunTime:0.0056s ]
SQL: SELECT a.*,b.* FROM tweet as a,account as b WHERE ( a.aid = b.aid )  [ RunTime:0.0004s ]
SQL: SELECT COUNT(*) AS tp_count FROM `favorite` WHERE ( tid = 1 ) LIMIT 1   [ RunTime:0.0002s ]
SQL: SELECT COUNT(*) AS tp_count FROM `favorite` WHERE ( tid = 2 ) LIMIT 1   [ RunTime:0.0001s ]
SQL: SELECT COUNT(*) AS tp_count FROM `favorite` WHERE ( tid = 3 ) LIMIT 1   [ RunTime:0.0002s ]
SQL: SELECT COUNT(*) AS tp_count FROM `favorite` WHERE ( tid = 4 ) LIMIT 1   [ RunTime:0.0001s ]
SQL: SELECT COUNT(*) AS tp_count FROM `favorite` WHERE ( tid = 5 ) LIMIT 1   [ RunTime:0.0001s ]
SQL: SELECT COUNT(*) AS tp_count FROM `favorite` WHERE ( tid = 6 ) LIMIT 1   [ RunTime:0.0001s ]
SQL: SELECT COUNT(*) AS tp_count FROM `favorite` WHERE ( tid = 7 ) LIMIT 1   [ RunTime:0.0001s ]
SQL: SELECT COUNT(*) AS tp_count FROM `favorite` WHERE ( tid = 8 ) LIMIT 1   [ RunTime:0.0002s ]
SQL: SELECT COUNT(*) AS tp_count FROM `favorite` WHERE ( tid = 9 ) LIMIT 1   [ RunTime:0.0001s ]

[ 2016-07-29T19:29:25+08:00 ] 192.168.11.117 /easysocial/index.php/Home/Public/showVideo
INFO: [ app_init ] --START--
INFO: Run Behavior\BuildLiteBehavior [ RunTime:0.000031s ]
INFO: [ app_init ] --END-- [ RunTime:0.000441s ]
INFO: [ app_begin ] --START--
INFO: Run Behavior\ReadHtmlCacheBehavior [ RunTime:0.000646s ]
INFO: [ app_begin ] --END-- [ RunTime:0.000787s ]
SQL: SHOW COLUMNS FROM `video` [ RunTime:0.0104s ]
SQL: SELECT COUNT(*) AS tp_count FROM `video` LIMIT 1   [ RunTime:0.0002s ]
SQL: SELECT * FROM `video` ORDER BY vid desc  [ RunTime:0.0002s ]

[ 2016-07-29T19:32:42+08:00 ] 192.168.11.117 /easysocial/index.php/Home/Public/showTweet
INFO: [ app_init ] --START--
INFO: Run Behavior\BuildLiteBehavior [ RunTime:0.000044s ]
INFO: [ app_init ] --END-- [ RunTime:0.000542s ]
INFO: [ app_begin ] --START--
INFO: Run Behavior\ReadHtmlCacheBehavior [ RunTime:0.000503s ]
INFO: [ app_begin ] --END-- [ RunTime:0.000634s ]
SQL: SHOW COLUMNS FROM `tweet` [ RunTime:0.2052s ]
SQL: SHOW COLUMNS FROM `account` [ RunTime:0.1894s ]
SQL: SELECT a.*,b.tid,b.content,b.picture,b.create_time,b.pic_width,b.pic_height FROM account as a,tweet as b WHERE ( a.aid = b.aid  ) ORDER BY b.tid desc LIMIT 0,5   [ RunTime:0.0006s ]
SQL: SHOW COLUMNS FROM `account` [ RunTime:0.1559s ]
SQL: SELECT COUNT(*) AS tp_count FROM account as a,tweet as b WHERE ( a.aid = b.aid  ) ORDER BY b.tid LIMIT 1   [ RunTime:0.0004s ]
SQL: SHOW COLUMNS FROM `favorite` [ RunTime:0.0746s ]
SQL: SHOW COLUMNS FROM `comment` [ RunTime:0.1795s ]
SQL: SELECT COUNT(*) AS tp_count FROM `favorite` WHERE ( tid = 9 and isfavor = 1 ) LIMIT 1   [ RunTime:0.0003s ]
SQL: SELECT COUNT(*) AS tp_count FROM `comment` WHERE ( tid = 9 ) LIMIT 1   [ RunTime:0.0002s ]
SQL: SELECT `isfavor` FROM `favorite` WHERE ( aid=1 and tid=9 ) LIMIT 1   [ RunTime:0.0001s ]
SQL: SELECT COUNT(*) AS tp_count FROM `favorite` WHERE ( tid = 8 and isfavor = 1 ) LIMIT 1   [ RunTime:0.0002s ]
SQL: SELECT COUNT(*) AS tp_count FROM `comment` WHERE ( tid = 8 ) LIMIT 1   [ RunTime:0.0002s ]
SQL: SELECT `isfavor` FROM `favorite` WHERE ( aid=1 and tid=8 ) LIMIT 1   [ RunTime:0.0002s ]
SQL: SELECT COUNT(*) AS tp_count FROM `favorite` WHERE ( tid = 7 and isfavor = 1 ) LIMIT 1   [ RunTime:0.0002s ]
SQL: SELECT COUNT(*) AS tp_count FROM `comment` WHERE ( tid = 7 ) LIMIT 1   [ RunTime:0.0002s ]
SQL: SELECT `isfavor` FROM `favorite` WHERE ( aid=1 and tid=7 ) LIMIT 1   [ RunTime:0.0002s ]
SQL: SELECT COUNT(*) AS tp_count FROM `favorite` WHERE ( tid = 6 and isfavor = 1 ) LIMIT 1   [ RunTime:0.0002s ]
SQL: SELECT COUNT(*) AS tp_count FROM `comment` WHERE ( tid = 6 ) LIMIT 1   [ RunTime:0.0002s ]
SQL: SELECT `isfavor` FROM `favorite` WHERE ( aid=1 and tid=6 ) LIMIT 1   [ RunTime:0.0002s ]
SQL: SELECT COUNT(*) AS tp_count FROM `favorite` WHERE ( tid = 5 and isfavor = 1 ) LIMIT 1   [ RunTime:0.0002s ]
SQL: SELECT COUNT(*) AS tp_count FROM `comment` WHERE ( tid = 5 ) LIMIT 1   [ RunTime:0.0002s ]
SQL: SELECT `isfavor` FROM `favorite` WHERE ( aid=1 and tid=5 ) LIMIT 1   [ RunTime:0.0002s ]

[ 2016-07-29T19:32:43+08:00 ] 192.168.11.117 /easysocial/index.php/Home/Public/showTweetRank
INFO: [ app_init ] --START--
INFO: Run Behavior\BuildLiteBehavior [ RunTime:0.000029s ]
INFO: [ app_init ] --END-- [ RunTime:0.000514s ]
INFO: [ app_begin ] --START--
INFO: Run Behavior\ReadHtmlCacheBehavior [ RunTime:0.000542s ]
INFO: [ app_begin ] --END-- [ RunTime:0.000717s ]
SQL: SHOW COLUMNS FROM `tweet` [ RunTime:0.2286s ]
SQL: SHOW COLUMNS FROM `favorite` [ RunTime:0.2494s ]
SQL: SHOW COLUMNS FROM `tweet` [ RunTime:0.0954s ]
SQL: SELECT a.*,b.* FROM tweet as a,account as b WHERE ( a.aid = b.aid )  [ RunTime:0.0004s ]
SQL: SELECT COUNT(*) AS tp_count FROM `favorite` WHERE ( tid = 1 ) LIMIT 1   [ RunTime:0.0002s ]
SQL: SELECT COUNT(*) AS tp_count FROM `favorite` WHERE ( tid = 2 ) LIMIT 1   [ RunTime:0.0002s ]
SQL: SELECT COUNT(*) AS tp_count FROM `favorite` WHERE ( tid = 3 ) LIMIT 1   [ RunTime:0.0002s ]
SQL: SELECT COUNT(*) AS tp_count FROM `favorite` WHERE ( tid = 4 ) LIMIT 1   [ RunTime:0.0002s ]
SQL: SELECT COUNT(*) AS tp_count FROM `favorite` WHERE ( tid = 5 ) LIMIT 1   [ RunTime:0.0001s ]
SQL: SELECT COUNT(*) AS tp_count FROM `favorite` WHERE ( tid = 6 ) LIMIT 1   [ RunTime:0.0001s ]
SQL: SELECT COUNT(*) AS tp_count FROM `favorite` WHERE ( tid = 7 ) LIMIT 1   [ RunTime:0.0001s ]
SQL: SELECT COUNT(*) AS tp_count FROM `favorite` WHERE ( tid = 8 ) LIMIT 1   [ RunTime:0.0001s ]
SQL: SELECT COUNT(*) AS tp_count FROM `favorite` WHERE ( tid = 9 ) LIMIT 1   [ RunTime:0.0002s ]

[ 2016-07-29T19:32:43+08:00 ] 192.168.11.117 /easysocial/index.php/Home/Public/showVideo
INFO: [ app_init ] --START--
INFO: Run Behavior\BuildLiteBehavior [ RunTime:0.000029s ]
INFO: [ app_init ] --END-- [ RunTime:0.000420s ]
INFO: [ app_begin ] --START--
INFO: Run Behavior\ReadHtmlCacheBehavior [ RunTime:0.000457s ]
INFO: [ app_begin ] --END-- [ RunTime:0.000582s ]
SQL: SHOW COLUMNS FROM `video` [ RunTime:0.0819s ]
SQL: SELECT COUNT(*) AS tp_count FROM `video` LIMIT 1   [ RunTime:0.0002s ]
SQL: SELECT * FROM `video` ORDER BY vid desc  [ RunTime:0.0002s ]

[ 2016-07-29T19:36:31+08:00 ] 192.168.11.117 /easysocial/index.php/Home/Public/showTweet
INFO: [ app_init ] --START--
INFO: Run Behavior\BuildLiteBehavior [ RunTime:0.000028s ]
INFO: [ app_init ] --END-- [ RunTime:0.000433s ]
INFO: [ app_begin ] --START--
INFO: Run Behavior\ReadHtmlCacheBehavior [ RunTime:0.000665s ]
INFO: [ app_begin ] --END-- [ RunTime:0.000804s ]
SQL: SHOW COLUMNS FROM `tweet` [ RunTime:0.1314s ]
SQL: SHOW COLUMNS FROM `account` [ RunTime:0.2070s ]
SQL: SELECT a.*,b.tid,b.content,b.picture,b.create_time,b.pic_width,b.pic_height FROM account as a,tweet as b WHERE ( a.aid = b.aid  ) ORDER BY b.tid desc LIMIT 0,5   [ RunTime:0.0011s ]
SQL: SHOW COLUMNS FROM `account` [ RunTime:0.2329s ]
SQL: SELECT COUNT(*) AS tp_count FROM account as a,tweet as b WHERE ( a.aid = b.aid  ) ORDER BY b.tid LIMIT 1   [ RunTime:0.0006s ]
SQL: SHOW COLUMNS FROM `favorite` [ RunTime:0.1358s ]
SQL: SHOW COLUMNS FROM `comment` [ RunTime:0.0645s ]
SQL: SELECT COUNT(*) AS tp_count FROM `favorite` WHERE ( tid = 9 and isfavor = 1 ) LIMIT 1   [ RunTime:0.0003s ]
SQL: SELECT COUNT(*) AS tp_count FROM `comment` WHERE ( tid = 9 ) LIMIT 1   [ RunTime:0.0002s ]
SQL: SELECT `isfavor` FROM `favorite` WHERE ( aid=1 and tid=9 ) LIMIT 1   [ RunTime:0.0001s ]
SQL: SELECT COUNT(*) AS tp_count FROM `favorite` WHERE ( tid = 8 and isfavor = 1 ) LIMIT 1   [ RunTime:0.0001s ]
SQL: SELECT COUNT(*) AS tp_count FROM `comment` WHERE ( tid = 8 ) LIMIT 1   [ RunTime:0.0001s ]
SQL: SELECT `isfavor` FROM `favorite` WHERE ( aid=1 and tid=8 ) LIMIT 1   [ RunTime:0.0001s ]
SQL: SELECT COUNT(*) AS tp_count FROM `favorite` WHERE ( tid = 7 and isfavor = 1 ) LIMIT 1   [ RunTime:0.0001s ]
SQL: SELECT COUNT(*) AS tp_count FROM `comment` WHERE ( tid = 7 ) LIMIT 1   [ RunTime:0.0002s ]
SQL: SELECT `isfavor` FROM `favorite` WHERE ( aid=1 and tid=7 ) LIMIT 1   [ RunTime:0.0001s ]
SQL: SELECT COUNT(*) AS tp_count FROM `favorite` WHERE ( tid = 6 and isfavor = 1 ) LIMIT 1   [ RunTime:0.0002s ]
SQL: SELECT COUNT(*) AS tp_count FROM `comment` WHERE ( tid = 6 ) LIMIT 1   [ RunTime:0.0002s ]
SQL: SELECT `isfavor` FROM `favorite` WHERE ( aid=1 and tid=6 ) LIMIT 1   [ RunTime:0.0001s ]
SQL: SELECT COUNT(*) AS tp_count FROM `favorite` WHERE ( tid = 5 and isfavor = 1 ) LIMIT 1   [ RunTime:0.0001s ]
SQL: SELECT COUNT(*) AS tp_count FROM `comment` WHERE ( tid = 5 ) LIMIT 1   [ RunTime:0.0002s ]
SQL: SELECT `isfavor` FROM `favorite` WHERE ( aid=1 and tid=5 ) LIMIT 1   [ RunTime:0.0002s ]

[ 2016-07-29T19:36:32+08:00 ] 192.168.11.117 /easysocial/index.php/Home/Public/showTweetRank
INFO: [ app_init ] --START--
INFO: Run Behavior\BuildLiteBehavior [ RunTime:0.000028s ]
INFO: [ app_init ] --END-- [ RunTime:0.000410s ]
INFO: [ app_begin ] --START--
INFO: Run Behavior\ReadHtmlCacheBehavior [ RunTime:0.000462s ]
INFO: [ app_begin ] --END-- [ RunTime:0.000587s ]
SQL: SHOW COLUMNS FROM `tweet` [ RunTime:0.2621s ]
SQL: SHOW COLUMNS FROM `favorite` [ RunTime:0.3768s ]
SQL: SHOW COLUMNS FROM `tweet` [ RunTime:0.1246s ]
SQL: SELECT a.*,b.* FROM tweet as a,account as b WHERE ( a.aid = b.aid )  [ RunTime:0.0007s ]
SQL: SELECT COUNT(*) AS tp_count FROM `favorite` WHERE ( tid = 1 ) LIMIT 1   [ RunTime:0.0006s ]
SQL: SELECT COUNT(*) AS tp_count FROM `favorite` WHERE ( tid = 2 ) LIMIT 1   [ RunTime:0.0002s ]
SQL: SELECT COUNT(*) AS tp_count FROM `favorite` WHERE ( tid = 3 ) LIMIT 1   [ RunTime:0.0002s ]
SQL: SELECT COUNT(*) AS tp_count FROM `favorite` WHERE ( tid = 4 ) LIMIT 1   [ RunTime:0.0002s ]
SQL: SELECT COUNT(*) AS tp_count FROM `favorite` WHERE ( tid = 5 ) LIMIT 1   [ RunTime:0.0002s ]
SQL: SELECT COUNT(*) AS tp_count FROM `favorite` WHERE ( tid = 6 ) LIMIT 1   [ RunTime:0.0002s ]
SQL: SELECT COUNT(*) AS tp_count FROM `favorite` WHERE ( tid = 7 ) LIMIT 1   [ RunTime:0.0002s ]
SQL: SELECT COUNT(*) AS tp_count FROM `favorite` WHERE ( tid = 8 ) LIMIT 1   [ RunTime:0.0002s ]
SQL: SELECT COUNT(*) AS tp_count FROM `favorite` WHERE ( tid = 9 ) LIMIT 1   [ RunTime:0.0002s ]

[ 2016-07-29T19:36:33+08:00 ] 192.168.11.117 /easysocial/index.php/Home/Public/showVideo
INFO: [ app_init ] --START--
INFO: Run Behavior\BuildLiteBehavior [ RunTime:0.000035s ]
INFO: [ app_init ] --END-- [ RunTime:0.000544s ]
INFO: [ app_begin ] --START--
INFO: Run Behavior\ReadHtmlCacheBehavior [ RunTime:0.000708s ]
INFO: [ app_begin ] --END-- [ RunTime:0.000860s ]
SQL: SHOW COLUMNS FROM `video` [ RunTime:0.2961s ]
SQL: SELECT COUNT(*) AS tp_count FROM `video` LIMIT 1   [ RunTime:0.0003s ]
SQL: SELECT * FROM `video` ORDER BY vid desc  [ RunTime:0.0002s ]

[ 2016-07-29T19:37:54+08:00 ] 192.168.11.117 /easysocial/index.php/Home/Public/showTweet
INFO: [ app_init ] --START--
INFO: Run Behavior\BuildLiteBehavior [ RunTime:0.000031s ]
INFO: [ app_init ] --END-- [ RunTime:0.000460s ]
INFO: [ app_begin ] --START--
INFO: Run Behavior\ReadHtmlCacheBehavior [ RunTime:0.000403s ]
INFO: [ app_begin ] --END-- [ RunTime:0.000546s ]
SQL: SHOW COLUMNS FROM `tweet` [ RunTime:0.1733s ]
SQL: SHOW COLUMNS FROM `account` [ RunTime:0.0062s ]
SQL: SELECT a.*,b.tid,b.content,b.picture,b.create_time,b.pic_width,b.pic_height FROM account as a,tweet as b WHERE ( a.aid = b.aid  ) ORDER BY b.tid desc LIMIT 0,5   [ RunTime:0.0006s ]
SQL: SHOW COLUMNS FROM `account` [ RunTime:0.0035s ]
SQL: SELECT COUNT(*) AS tp_count FROM account as a,tweet as b WHERE ( a.aid = b.aid  ) ORDER BY b.tid LIMIT 1   [ RunTime:0.0005s ]
SQL: SHOW COLUMNS FROM `favorite` [ RunTime:0.0084s ]
SQL: SHOW COLUMNS FROM `comment` [ RunTime:0.0056s ]
SQL: SELECT COUNT(*) AS tp_count FROM `favorite` WHERE ( tid = 9 and isfavor = 1 ) LIMIT 1   [ RunTime:0.0003s ]
SQL: SELECT COUNT(*) AS tp_count FROM `comment` WHERE ( tid = 9 ) LIMIT 1   [ RunTime:0.0003s ]
SQL: SELECT `isfavor` FROM `favorite` WHERE ( aid=1 and tid=9 ) LIMIT 1   [ RunTime:0.0002s ]
SQL: SELECT COUNT(*) AS tp_count FROM `favorite` WHERE ( tid = 8 and isfavor = 1 ) LIMIT 1   [ RunTime:0.0002s ]
SQL: SELECT COUNT(*) AS tp_count FROM `comment` WHERE ( tid = 8 ) LIMIT 1   [ RunTime:0.0002s ]
SQL: SELECT `isfavor` FROM `favorite` WHERE ( aid=1 and tid=8 ) LIMIT 1   [ RunTime:0.0002s ]
SQL: SELECT COUNT(*) AS tp_count FROM `favorite` WHERE ( tid = 7 and isfavor = 1 ) LIMIT 1   [ RunTime:0.0002s ]
SQL: SELECT COUNT(*) AS tp_count FROM `comment` WHERE ( tid = 7 ) LIMIT 1   [ RunTime:0.0002s ]
SQL: SELECT `isfavor` FROM `favorite` WHERE ( aid=1 and tid=7 ) LIMIT 1   [ RunTime:0.0002s ]
SQL: SELECT COUNT(*) AS tp_count FROM `favorite` WHERE ( tid = 6 and isfavor = 1 ) LIMIT 1   [ RunTime:0.0003s ]
SQL: SELECT COUNT(*) AS tp_count FROM `comment` WHERE ( tid = 6 ) LIMIT 1   [ RunTime:0.0003s ]
SQL: SELECT `isfavor` FROM `favorite` WHERE ( aid=1 and tid=6 ) LIMIT 1   [ RunTime:0.0002s ]
SQL: SELECT COUNT(*) AS tp_count FROM `favorite` WHERE ( tid = 5 and isfavor = 1 ) LIMIT 1   [ RunTime:0.0002s ]
SQL: SELECT COUNT(*) AS tp_count FROM `comment` WHERE ( tid = 5 ) LIMIT 1   [ RunTime:0.0001s ]
SQL: SELECT `isfavor` FROM `favorite` WHERE ( aid=1 and tid=5 ) LIMIT 1   [ RunTime:0.0001s ]

[ 2016-07-29T19:37:55+08:00 ] 192.168.11.117 /easysocial/index.php/Home/Public/showTweetRank
INFO: [ app_init ] --START--
INFO: Run Behavior\BuildLiteBehavior [ RunTime:0.000033s ]
INFO: [ app_init ] --END-- [ RunTime:0.000464s ]
INFO: [ app_begin ] --START--
INFO: Run Behavior\ReadHtmlCacheBehavior [ RunTime:0.000651s ]
INFO: [ app_begin ] --END-- [ RunTime:0.000822s ]
SQL: SHOW COLUMNS FROM `tweet` [ RunTime:0.1488s ]
SQL: SHOW COLUMNS FROM `favorite` [ RunTime:0.0033s ]
SQL: SHOW COLUMNS FROM `tweet` [ RunTime:0.3578s ]
SQL: SELECT a.*,b.* FROM tweet as a,account as b WHERE ( a.aid = b.aid )  [ RunTime:0.0004s ]
SQL: SELECT COUNT(*) AS tp_count FROM `favorite` WHERE ( tid = 1 ) LIMIT 1   [ RunTime:0.0002s ]
SQL: SELECT COUNT(*) AS tp_count FROM `favorite` WHERE ( tid = 2 ) LIMIT 1   [ RunTime:0.0002s ]
SQL: SELECT COUNT(*) AS tp_count FROM `favorite` WHERE ( tid = 3 ) LIMIT 1   [ RunTime:0.0002s ]
SQL: SELECT COUNT(*) AS tp_count FROM `favorite` WHERE ( tid = 4 ) LIMIT 1   [ RunTime:0.0002s ]
SQL: SELECT COUNT(*) AS tp_count FROM `favorite` WHERE ( tid = 5 ) LIMIT 1   [ RunTime:0.0002s ]
SQL: SELECT COUNT(*) AS tp_count FROM `favorite` WHERE ( tid = 6 ) LIMIT 1   [ RunTime:0.0002s ]
SQL: SELECT COUNT(*) AS tp_count FROM `favorite` WHERE ( tid = 7 ) LIMIT 1   [ RunTime:0.0002s ]
SQL: SELECT COUNT(*) AS tp_count FROM `favorite` WHERE ( tid = 8 ) LIMIT 1   [ RunTime:0.0001s ]
SQL: SELECT COUNT(*) AS tp_count FROM `favorite` WHERE ( tid = 9 ) LIMIT 1   [ RunTime:0.0002s ]

[ 2016-07-29T19:37:55+08:00 ] 192.168.11.117 /easysocial/index.php/Home/Public/showVideo
INFO: [ app_init ] --START--
INFO: Run Behavior\BuildLiteBehavior [ RunTime:0.000037s ]
INFO: [ app_init ] --END-- [ RunTime:0.000522s ]
INFO: [ app_begin ] --START--
INFO: Run Behavior\ReadHtmlCacheBehavior [ RunTime:0.000402s ]
INFO: [ app_begin ] --END-- [ RunTime:0.000532s ]
SQL: SHOW COLUMNS FROM `video` [ RunTime:0.0952s ]
SQL: SELECT COUNT(*) AS tp_count FROM `video` LIMIT 1   [ RunTime:0.0002s ]
SQL: SELECT * FROM `video` ORDER BY vid desc  [ RunTime:0.0002s ]

[ 2016-07-29T19:39:04+08:00 ] 192.168.11.117 /easysocial/index.php/Home/Public/showTweet
INFO: [ app_init ] --START--
INFO: Run Behavior\BuildLiteBehavior [ RunTime:0.000046s ]
INFO: [ app_init ] --END-- [ RunTime:0.000474s ]
INFO: [ app_begin ] --START--
INFO: Run Behavior\ReadHtmlCacheBehavior [ RunTime:0.000463s ]
INFO: [ app_begin ] --END-- [ RunTime:0.000588s ]
SQL: SHOW COLUMNS FROM `tweet` [ RunTime:0.0785s ]
SQL: SHOW COLUMNS FROM `account` [ RunTime:0.0843s ]
SQL: SELECT a.*,b.tid,b.content,b.picture,b.create_time,b.pic_width,b.pic_height FROM account as a,tweet as b WHERE ( a.aid = b.aid  ) ORDER BY b.tid desc LIMIT 0,5   [ RunTime:0.0007s ]
SQL: SHOW COLUMNS FROM `account` [ RunTime:0.1989s ]
SQL: SELECT COUNT(*) AS tp_count FROM account as a,tweet as b WHERE ( a.aid = b.aid  ) ORDER BY b.tid LIMIT 1   [ RunTime:0.0003s ]
SQL: SHOW COLUMNS FROM `favorite` [ RunTime:0.3474s ]
SQL: SHOW COLUMNS FROM `comment` [ RunTime:0.2677s ]
SQL: SELECT COUNT(*) AS tp_count FROM `favorite` WHERE ( tid = 9 and isfavor = 1 ) LIMIT 1   [ RunTime:0.0003s ]
SQL: SELECT COUNT(*) AS tp_count FROM `comment` WHERE ( tid = 9 ) LIMIT 1   [ RunTime:0.0002s ]
SQL: SELECT `isfavor` FROM `favorite` WHERE ( aid=1 and tid=9 ) LIMIT 1   [ RunTime:0.0002s ]
SQL: SELECT COUNT(*) AS tp_count FROM `favorite` WHERE ( tid = 8 and isfavor = 1 ) LIMIT 1   [ RunTime:0.0002s ]
SQL: SELECT COUNT(*) AS tp_count FROM `comment` WHERE ( tid = 8 ) LIMIT 1   [ RunTime:0.0002s ]
SQL: SELECT `isfavor` FROM `favorite` WHERE ( aid=1 and tid=8 ) LIMIT 1   [ RunTime:0.0002s ]
SQL: SELECT COUNT(*) AS tp_count FROM `favorite` WHERE ( tid = 7 and isfavor = 1 ) LIMIT 1   [ RunTime:0.0002s ]
SQL: SELECT COUNT(*) AS tp_count FROM `comment` WHERE ( tid = 7 ) LIMIT 1   [ RunTime:0.0002s ]
SQL: SELECT `isfavor` FROM `favorite` WHERE ( aid=1 and tid=7 ) LIMIT 1   [ RunTime:0.0002s ]
SQL: SELECT COUNT(*) AS tp_count FROM `favorite` WHERE ( tid = 6 and isfavor = 1 ) LIMIT 1   [ RunTime:0.0001s ]
SQL: SELECT COUNT(*) AS tp_count FROM `comment` WHERE ( tid = 6 ) LIMIT 1   [ RunTime:0.0002s ]
SQL: SELECT `isfavor` FROM `favorite` WHERE ( aid=1 and tid=6 ) LIMIT 1   [ RunTime:0.0002s ]
SQL: SELECT COUNT(*) AS tp_count FROM `favorite` WHERE ( tid = 5 and isfavor = 1 ) LIMIT 1   [ RunTime:0.0003s ]
SQL: SELECT COUNT(*) AS tp_count FROM `comment` WHERE ( tid = 5 ) LIMIT 1   [ RunTime:0.0002s ]
SQL: SELECT `isfavor` FROM `favorite` WHERE ( aid=1 and tid=5 ) LIMIT 1   [ RunTime:0.0002s ]

[ 2016-07-29T19:39:04+08:00 ] 192.168.11.117 /easysocial/index.php/Home/Public/showTweetRank
INFO: [ app_init ] --START--
INFO: Run Behavior\BuildLiteBehavior [ RunTime:0.000040s ]
INFO: [ app_init ] --END-- [ RunTime:0.000577s ]
INFO: [ app_begin ] --START--
INFO: Run Behavior\ReadHtmlCacheBehavior [ RunTime:0.000680s ]
INFO: [ app_begin ] --END-- [ RunTime:0.000869s ]
SQL: SHOW COLUMNS FROM `tweet` [ RunTime:0.0098s ]
SQL: SHOW COLUMNS FROM `favorite` [ RunTime:0.0039s ]
SQL: SHOW COLUMNS FROM `tweet` [ RunTime:0.0052s ]
SQL: SELECT a.*,b.* FROM tweet as a,account as b WHERE ( a.aid = b.aid )  [ RunTime:0.0004s ]
SQL: SELECT COUNT(*) AS tp_count FROM `favorite` WHERE ( tid = 1 ) LIMIT 1   [ RunTime:0.0002s ]
SQL: SELECT COUNT(*) AS tp_count FROM `favorite` WHERE ( tid = 2 ) LIMIT 1   [ RunTime:0.0001s ]
SQL: SELECT COUNT(*) AS tp_count FROM `favorite` WHERE ( tid = 3 ) LIMIT 1   [ RunTime:0.0003s ]
SQL: SELECT COUNT(*) AS tp_count FROM `favorite` WHERE ( tid = 4 ) LIMIT 1   [ RunTime:0.0002s ]
SQL: SELECT COUNT(*) AS tp_count FROM `favorite` WHERE ( tid = 5 ) LIMIT 1   [ RunTime:0.0002s ]
SQL: SELECT COUNT(*) AS tp_count FROM `favorite` WHERE ( tid = 6 ) LIMIT 1   [ RunTime:0.0004s ]
SQL: SELECT COUNT(*) AS tp_count FROM `favorite` WHERE ( tid = 7 ) LIMIT 1   [ RunTime:0.0002s ]
SQL: SELECT COUNT(*) AS tp_count FROM `favorite` WHERE ( tid = 8 ) LIMIT 1   [ RunTime:0.0001s ]
SQL: SELECT COUNT(*) AS tp_count FROM `favorite` WHERE ( tid = 9 ) LIMIT 1   [ RunTime:0.0001s ]

[ 2016-07-29T19:39:04+08:00 ] 192.168.11.117 /easysocial/index.php/Home/Public/showVideo
INFO: [ app_init ] --START--
INFO: Run Behavior\BuildLiteBehavior [ RunTime:0.000037s ]
INFO: [ app_init ] --END-- [ RunTime:0.000475s ]
INFO: [ app_begin ] --START--
INFO: Run Behavior\ReadHtmlCacheBehavior [ RunTime:0.000466s ]
INFO: [ app_begin ] --END-- [ RunTime:0.000588s ]
SQL: SHOW COLUMNS FROM `video` [ RunTime:0.0104s ]
SQL: SELECT COUNT(*) AS tp_count FROM `video` LIMIT 1   [ RunTime:0.0004s ]
SQL: SELECT * FROM `video` ORDER BY vid desc  [ RunTime:0.0002s ]

[ 2016-07-29T19:42:03+08:00 ] 192.168.11.117 /easysocial/index.php/Home/Public/showTweet
INFO: [ app_init ] --START--
INFO: Run Behavior\BuildLiteBehavior [ RunTime:0.000028s ]
INFO: [ app_init ] --END-- [ RunTime:0.000438s ]
INFO: [ app_begin ] --START--
INFO: Run Behavior\ReadHtmlCacheBehavior [ RunTime:0.000553s ]
INFO: [ app_begin ] --END-- [ RunTime:0.000687s ]
SQL: SHOW COLUMNS FROM `tweet` [ RunTime:0.2729s ]
SQL: SHOW COLUMNS FROM `account` [ RunTime:0.1408s ]
SQL: SELECT a.*,b.tid,b.content,b.picture,b.create_time,b.pic_width,b.pic_height FROM account as a,tweet as b WHERE ( a.aid = b.aid  ) ORDER BY b.tid desc LIMIT 0,5   [ RunTime:0.0006s ]
SQL: SHOW COLUMNS FROM `account` [ RunTime:0.0156s ]
SQL: SELECT COUNT(*) AS tp_count FROM account as a,tweet as b WHERE ( a.aid = b.aid  ) ORDER BY b.tid LIMIT 1   [ RunTime:0.0002s ]
SQL: SHOW COLUMNS FROM `favorite` [ RunTime:0.1497s ]
SQL: SHOW COLUMNS FROM `comment` [ RunTime:0.2837s ]
SQL: SELECT COUNT(*) AS tp_count FROM `favorite` WHERE ( tid = 9 and isfavor = 1 ) LIMIT 1   [ RunTime:0.0003s ]
SQL: SELECT COUNT(*) AS tp_count FROM `comment` WHERE ( tid = 9 ) LIMIT 1   [ RunTime:0.0002s ]
SQL: SELECT `isfavor` FROM `favorite` WHERE ( aid=1 and tid=9 ) LIMIT 1   [ RunTime:0.0002s ]
SQL: SELECT COUNT(*) AS tp_count FROM `favorite` WHERE ( tid = 8 and isfavor = 1 ) LIMIT 1   [ RunTime:0.0002s ]
SQL: SELECT COUNT(*) AS tp_count FROM `comment` WHERE ( tid = 8 ) LIMIT 1   [ RunTime:0.0002s ]
SQL: SELECT `isfavor` FROM `favorite` WHERE ( aid=1 and tid=8 ) LIMIT 1   [ RunTime:0.0002s ]
SQL: SELECT COUNT(*) AS tp_count FROM `favorite` WHERE ( tid = 7 and isfavor = 1 ) LIMIT 1   [ RunTime:0.0002s ]
SQL: SELECT COUNT(*) AS tp_count FROM `comment` WHERE ( tid = 7 ) LIMIT 1   [ RunTime:0.0002s ]
SQL: SELECT `isfavor` FROM `favorite` WHERE ( aid=1 and tid=7 ) LIMIT 1   [ RunTime:0.0002s ]
SQL: SELECT COUNT(*) AS tp_count FROM `favorite` WHERE ( tid = 6 and isfavor = 1 ) LIMIT 1   [ RunTime:0.0002s ]
SQL: SELECT COUNT(*) AS tp_count FROM `comment` WHERE ( tid = 6 ) LIMIT 1   [ RunTime:0.0002s ]
SQL: SELECT `isfavor` FROM `favorite` WHERE ( aid=1 and tid=6 ) LIMIT 1   [ RunTime:0.0002s ]
SQL: SELECT COUNT(*) AS tp_count FROM `favorite` WHERE ( tid = 5 and isfavor = 1 ) LIMIT 1   [ RunTime:0.0002s ]
SQL: SELECT COUNT(*) AS tp_count FROM `comment` WHERE ( tid = 5 ) LIMIT 1   [ RunTime:0.0002s ]
SQL: SELECT `isfavor` FROM `favorite` WHERE ( aid=1 and tid=5 ) LIMIT 1   [ RunTime:0.0002s ]

[ 2016-07-29T19:42:04+08:00 ] 192.168.11.117 /easysocial/index.php/Home/Public/showTweetRank
INFO: [ app_init ] --START--
INFO: Run Behavior\BuildLiteBehavior [ RunTime:0.000034s ]
INFO: [ app_init ] --END-- [ RunTime:0.000654s ]
INFO: [ app_begin ] --START--
INFO: Run Behavior\ReadHtmlCacheBehavior [ RunTime:0.000779s ]
INFO: [ app_begin ] --END-- [ RunTime:0.000948s ]
SQL: SHOW COLUMNS FROM `tweet` [ RunTime:0.0685s ]
SQL: SHOW COLUMNS FROM `favorite` [ RunTime:0.1971s ]
SQL: SHOW COLUMNS FROM `tweet` [ RunTime:0.2309s ]
SQL: SELECT a.*,b.* FROM tweet as a,account as b WHERE ( a.aid = b.aid )  [ RunTime:0.0005s ]
SQL: SELECT COUNT(*) AS tp_count FROM `favorite` WHERE ( tid = 1 ) LIMIT 1   [ RunTime:0.0003s ]
SQL: SELECT COUNT(*) AS tp_count FROM `favorite` WHERE ( tid = 2 ) LIMIT 1   [ RunTime:0.0002s ]
SQL: SELECT COUNT(*) AS tp_count FROM `favorite` WHERE ( tid = 3 ) LIMIT 1   [ RunTime:0.0002s ]
SQL: SELECT COUNT(*) AS tp_count FROM `favorite` WHERE ( tid = 4 ) LIMIT 1   [ RunTime:0.0003s ]
SQL: SELECT COUNT(*) AS tp_count FROM `favorite` WHERE ( tid = 5 ) LIMIT 1   [ RunTime:0.0002s ]
SQL: SELECT COUNT(*) AS tp_count FROM `favorite` WHERE ( tid = 6 ) LIMIT 1   [ RunTime:0.0003s ]
SQL: SELECT COUNT(*) AS tp_count FROM `favorite` WHERE ( tid = 7 ) LIMIT 1   [ RunTime:0.0004s ]
SQL: SELECT COUNT(*) AS tp_count FROM `favorite` WHERE ( tid = 8 ) LIMIT 1   [ RunTime:0.0003s ]
SQL: SELECT COUNT(*) AS tp_count FROM `favorite` WHERE ( tid = 9 ) LIMIT 1   [ RunTime:0.0003s ]

[ 2016-07-29T19:42:04+08:00 ] 192.168.11.117 /easysocial/index.php/Home/Public/showVideo
INFO: [ app_init ] --START--
INFO: Run Behavior\BuildLiteBehavior [ RunTime:0.000026s ]
INFO: [ app_init ] --END-- [ RunTime:0.000494s ]
INFO: [ app_begin ] --START--
INFO: Run Behavior\ReadHtmlCacheBehavior [ RunTime:0.000742s ]
INFO: [ app_begin ] --END-- [ RunTime:0.000901s ]
SQL: SHOW COLUMNS FROM `video` [ RunTime:0.0137s ]
SQL: SELECT COUNT(*) AS tp_count FROM `video` LIMIT 1   [ RunTime:0.0003s ]
SQL: SELECT * FROM `video` ORDER BY vid desc  [ RunTime:0.0002s ]

[ 2016-07-29T19:43:04+08:00 ] 192.168.11.117 /easysocial/index.php/Home/Public/showTweet
INFO: [ app_init ] --START--
INFO: Run Behavior\BuildLiteBehavior [ RunTime:0.000029s ]
INFO: [ app_init ] --END-- [ RunTime:0.000399s ]
INFO: [ app_begin ] --START--
INFO: Run Behavior\ReadHtmlCacheBehavior [ RunTime:0.000417s ]
INFO: [ app_begin ] --END-- [ RunTime:0.000550s ]
SQL: SHOW COLUMNS FROM `tweet` [ RunTime:0.0225s ]
SQL: SHOW COLUMNS FROM `account` [ RunTime:0.0088s ]
SQL: SELECT a.*,b.tid,b.content,b.picture,b.create_time,b.pic_width,b.pic_height FROM account as a,tweet as b WHERE ( a.aid = b.aid  ) ORDER BY b.tid desc LIMIT 0,5   [ RunTime:0.0008s ]
SQL: SHOW COLUMNS FROM `account` [ RunTime:0.0745s ]
SQL: SELECT COUNT(*) AS tp_count FROM account as a,tweet as b WHERE ( a.aid = b.aid  ) ORDER BY b.tid LIMIT 1   [ RunTime:0.0003s ]
SQL: SHOW COLUMNS FROM `favorite` [ RunTime:0.1347s ]
SQL: SHOW COLUMNS FROM `comment` [ RunTime:0.1192s ]
SQL: SELECT COUNT(*) AS tp_count FROM `favorite` WHERE ( tid = 9 and isfavor = 1 ) LIMIT 1   [ RunTime:0.0003s ]
SQL: SELECT COUNT(*) AS tp_count FROM `comment` WHERE ( tid = 9 ) LIMIT 1   [ RunTime:0.0002s ]
SQL: SELECT `isfavor` FROM `favorite` WHERE ( aid=1 and tid=9 ) LIMIT 1   [ RunTime:0.0002s ]
SQL: SELECT COUNT(*) AS tp_count FROM `favorite` WHERE ( tid = 8 and isfavor = 1 ) LIMIT 1   [ RunTime:0.0002s ]
SQL: SELECT COUNT(*) AS tp_count FROM `comment` WHERE ( tid = 8 ) LIMIT 1   [ RunTime:0.0002s ]
SQL: SELECT `isfavor` FROM `favorite` WHERE ( aid=1 and tid=8 ) LIMIT 1   [ RunTime:0.0002s ]
SQL: SELECT COUNT(*) AS tp_count FROM `favorite` WHERE ( tid = 7 and isfavor = 1 ) LIMIT 1   [ RunTime:0.0002s ]
SQL: SELECT COUNT(*) AS tp_count FROM `comment` WHERE ( tid = 7 ) LIMIT 1   [ RunTime:0.0002s ]
SQL: SELECT `isfavor` FROM `favorite` WHERE ( aid=1 and tid=7 ) LIMIT 1   [ RunTime:0.0002s ]
SQL: SELECT COUNT(*) AS tp_count FROM `favorite` WHERE ( tid = 6 and isfavor = 1 ) LIMIT 1   [ RunTime:0.0002s ]
SQL: SELECT COUNT(*) AS tp_count FROM `comment` WHERE ( tid = 6 ) LIMIT 1   [ RunTime:0.0002s ]
SQL: SELECT `isfavor` FROM `favorite` WHERE ( aid=1 and tid=6 ) LIMIT 1   [ RunTime:0.0002s ]
SQL: SELECT COUNT(*) AS tp_count FROM `favorite` WHERE ( tid = 5 and isfavor = 1 ) LIMIT 1   [ RunTime:0.0002s ]
SQL: SELECT COUNT(*) AS tp_count FROM `comment` WHERE ( tid = 5 ) LIMIT 1   [ RunTime:0.0002s ]
SQL: SELECT `isfavor` FROM `favorite` WHERE ( aid=1 and tid=5 ) LIMIT 1   [ RunTime:0.0002s ]

[ 2016-07-29T19:43:04+08:00 ] 192.168.11.117 /easysocial/index.php/Home/Public/showTweetRank
INFO: [ app_init ] --START--
INFO: Run Behavior\BuildLiteBehavior [ RunTime:0.000037s ]
INFO: [ app_init ] --END-- [ RunTime:0.000480s ]
INFO: [ app_begin ] --START--
INFO: Run Behavior\ReadHtmlCacheBehavior [ RunTime:0.000544s ]
INFO: [ app_begin ] --END-- [ RunTime:0.000689s ]
SQL: SHOW COLUMNS FROM `tweet` [ RunTime:0.0523s ]
SQL: SHOW COLUMNS FROM `favorite` [ RunTime:0.0040s ]
SQL: SHOW COLUMNS FROM `tweet` [ RunTime:0.0053s ]
SQL: SELECT a.*,b.* FROM tweet as a,account as b WHERE ( a.aid = b.aid )  [ RunTime:0.0005s ]
SQL: SELECT COUNT(*) AS tp_count FROM `favorite` WHERE ( tid = 1 ) LIMIT 1   [ RunTime:0.0003s ]
SQL: SELECT COUNT(*) AS tp_count FROM `favorite` WHERE ( tid = 2 ) LIMIT 1   [ RunTime:0.0002s ]
SQL: SELECT COUNT(*) AS tp_count FROM `favorite` WHERE ( tid = 3 ) LIMIT 1   [ RunTime:0.0002s ]
SQL: SELECT COUNT(*) AS tp_count FROM `favorite` WHERE ( tid = 4 ) LIMIT 1   [ RunTime:0.0002s ]
SQL: SELECT COUNT(*) AS tp_count FROM `favorite` WHERE ( tid = 5 ) LIMIT 1   [ RunTime:0.0002s ]
SQL: SELECT COUNT(*) AS tp_count FROM `favorite` WHERE ( tid = 6 ) LIMIT 1   [ RunTime:0.0002s ]
SQL: SELECT COUNT(*) AS tp_count FROM `favorite` WHERE ( tid = 7 ) LIMIT 1   [ RunTime:0.0002s ]
SQL: SELECT COUNT(*) AS tp_count FROM `favorite` WHERE ( tid = 8 ) LIMIT 1   [ RunTime:0.0002s ]
SQL: SELECT COUNT(*) AS tp_count FROM `favorite` WHERE ( tid = 9 ) LIMIT 1   [ RunTime:0.0002s ]

[ 2016-07-29T19:43:04+08:00 ] 192.168.11.117 /easysocial/index.php/Home/Public/showVideo
INFO: [ app_init ] --START--
INFO: Run Behavior\BuildLiteBehavior [ RunTime:0.000028s ]
INFO: [ app_init ] --END-- [ RunTime:0.000391s ]
INFO: [ app_begin ] --START--
INFO: Run Behavior\ReadHtmlCacheBehavior [ RunTime:0.000369s ]
INFO: [ app_begin ] --END-- [ RunTime:0.000491s ]
SQL: SHOW COLUMNS FROM `video` [ RunTime:0.0094s ]
SQL: SELECT COUNT(*) AS tp_count FROM `video` LIMIT 1   [ RunTime:0.0004s ]
SQL: SELECT * FROM `video` ORDER BY vid desc  [ RunTime:0.0003s ]

