[ 2016-07-27T09:30:57+08:00 ] 192.168.11.117 /easysocial/index.php/Home/Public/showTweet
INFO: [ app_init ] --START--
INFO: Run Behavior\BuildLiteBehavior [ RunTime:0.000071s ]
INFO: [ app_init ] --END-- [ RunTime:0.019003s ]
INFO: [ app_begin ] --START--
INFO: Run Behavior\ReadHtmlCacheBehavior [ RunTime:0.017436s ]
INFO: [ app_begin ] --END-- [ RunTime:0.017620s ]
SQL: SHOW COLUMNS FROM `tweet` [ RunTime:0.0119s ]
SQL: SHOW COLUMNS FROM `account` [ RunTime:0.0094s ]
SQL: SELECT a.*,b.tid,b.content,b.picture,b.create_time,b.pic_width,b.pic_height FROM account as a,tweet as b WHERE ( a.aid = b.aid  ) ORDER BY b.tid desc LIMIT 0,5   [ RunTime:0.0010s ]
SQL: SHOW COLUMNS FROM `account` [ RunTime:0.0040s ]
SQL: SELECT COUNT(*) AS tp_count FROM account as a,tweet as b WHERE ( a.aid = b.aid  ) ORDER BY b.tid LIMIT 1   [ RunTime:0.0003s ]
SQL: SHOW COLUMNS FROM `favorite` [ RunTime:0.0100s ]
SQL: SHOW COLUMNS FROM `comment` [ RunTime:0.0076s ]
SQL: SELECT COUNT(*) AS tp_count FROM `favorite` WHERE ( tid = 9 and isfavor = 1 ) LIMIT 1   [ RunTime:0.0005s ]
SQL: SELECT COUNT(*) AS tp_count FROM `comment` WHERE ( tid = 9 ) LIMIT 1   [ RunTime:0.0004s ]
SQL: SELECT `isfavor` FROM `favorite` WHERE ( aid=1 and tid=9 ) LIMIT 1   [ RunTime:0.0003s ]
SQL: SELECT COUNT(*) AS tp_count FROM `favorite` WHERE ( tid = 8 and isfavor = 1 ) LIMIT 1   [ RunTime:0.0004s ]
SQL: SELECT COUNT(*) AS tp_count FROM `comment` WHERE ( tid = 8 ) LIMIT 1   [ RunTime:0.0002s ]
SQL: SELECT `isfavor` FROM `favorite` WHERE ( aid=1 and tid=8 ) LIMIT 1   [ RunTime:0.0002s ]
SQL: SELECT COUNT(*) AS tp_count FROM `favorite` WHERE ( tid = 7 and isfavor = 1 ) LIMIT 1   [ RunTime:0.0002s ]
SQL: SELECT COUNT(*) AS tp_count FROM `comment` WHERE ( tid = 7 ) LIMIT 1   [ RunTime:0.0002s ]
SQL: SELECT `isfavor` FROM `favorite` WHERE ( aid=1 and tid=7 ) LIMIT 1   [ RunTime:0.0002s ]
SQL: SELECT COUNT(*) AS tp_count FROM `favorite` WHERE ( tid = 6 and isfavor = 1 ) LIMIT 1   [ RunTime:0.0002s ]
SQL: SELECT COUNT(*) AS tp_count FROM `comment` WHERE ( tid = 6 ) LIMIT 1   [ RunTime:0.0002s ]
SQL: SELECT `isfavor` FROM `favorite` WHERE ( aid=1 and tid=6 ) LIMIT 1   [ RunTime:0.0002s ]
SQL: SELECT COUNT(*) AS tp_count FROM `favorite` WHERE ( tid = 5 and isfavor = 1 ) LIMIT 1   [ RunTime:0.0002s ]
SQL: SELECT COUNT(*) AS tp_count FROM `comment` WHERE ( tid = 5 ) LIMIT 1   [ RunTime:0.0002s ]
SQL: SELECT `isfavor` FROM `favorite` WHERE ( aid=1 and tid=5 ) LIMIT 1   [ RunTime:0.0001s ]

[ 2016-07-27T09:30:57+08:00 ] 192.168.11.117 /easysocial/index.php/Home/Public/showTweetRank
INFO: [ app_init ] --START--
INFO: Run Behavior\BuildLiteBehavior [ RunTime:0.000032s ]
INFO: [ app_init ] --END-- [ RunTime:0.000552s ]
INFO: [ app_begin ] --START--
INFO: Run Behavior\ReadHtmlCacheBehavior [ RunTime:0.000668s ]
INFO: [ app_begin ] --END-- [ RunTime:0.000826s ]
SQL: SHOW COLUMNS FROM `tweet` [ RunTime:0.0045s ]
SQL: SHOW COLUMNS FROM `favorite` [ RunTime:0.0067s ]
SQL: SHOW COLUMNS FROM `tweet` [ RunTime:0.0045s ]
SQL: SELECT a.*,b.* FROM tweet as a,account as b WHERE ( a.aid = b.aid )  [ RunTime:0.0005s ]
SQL: SELECT COUNT(*) AS tp_count FROM `favorite` WHERE ( tid = 1 ) LIMIT 1   [ RunTime:0.0002s ]
SQL: SELECT COUNT(*) AS tp_count FROM `favorite` WHERE ( tid = 2 ) LIMIT 1   [ RunTime:0.0001s ]
SQL: SELECT COUNT(*) AS tp_count FROM `favorite` WHERE ( tid = 3 ) LIMIT 1   [ RunTime:0.0001s ]
SQL: SELECT COUNT(*) AS tp_count FROM `favorite` WHERE ( tid = 4 ) LIMIT 1   [ RunTime:0.0001s ]
SQL: SELECT COUNT(*) AS tp_count FROM `favorite` WHERE ( tid = 5 ) LIMIT 1   [ RunTime:0.0002s ]
SQL: SELECT COUNT(*) AS tp_count FROM `favorite` WHERE ( tid = 6 ) LIMIT 1   [ RunTime:0.0001s ]
SQL: SELECT COUNT(*) AS tp_count FROM `favorite` WHERE ( tid = 7 ) LIMIT 1   [ RunTime:0.0002s ]
SQL: SELECT COUNT(*) AS tp_count FROM `favorite` WHERE ( tid = 8 ) LIMIT 1   [ RunTime:0.0001s ]
SQL: SELECT COUNT(*) AS tp_count FROM `favorite` WHERE ( tid = 9 ) LIMIT 1   [ RunTime:0.0001s ]

[ 2016-07-27T09:31:03+08:00 ] 192.168.11.117 /easysocial/index.php/Home/Public/showTweet
INFO: [ app_init ] --START--
INFO: Run Behavior\BuildLiteBehavior [ RunTime:0.000029s ]
INFO: [ app_init ] --END-- [ RunTime:0.000545s ]
INFO: [ app_begin ] --START--
INFO: Run Behavior\ReadHtmlCacheBehavior [ RunTime:0.000597s ]
INFO: [ app_begin ] --END-- [ RunTime:0.000728s ]
SQL: SHOW COLUMNS FROM `tweet` [ RunTime:0.0123s ]
SQL: SHOW COLUMNS FROM `account` [ RunTime:0.0093s ]
SQL: SELECT a.*,b.tid,b.content,b.picture,b.create_time,b.pic_width,b.pic_height FROM account as a,tweet as b WHERE ( a.aid = b.aid  ) ORDER BY b.tid desc LIMIT 0,5   [ RunTime:0.0009s ]
SQL: SHOW COLUMNS FROM `account` [ RunTime:0.0055s ]
SQL: SELECT COUNT(*) AS tp_count FROM account as a,tweet as b WHERE ( a.aid = b.aid  ) ORDER BY b.tid LIMIT 1   [ RunTime:0.0005s ]
SQL: SHOW COLUMNS FROM `favorite` [ RunTime:0.0070s ]
SQL: SHOW COLUMNS FROM `comment` [ RunTime:0.0070s ]
SQL: SELECT COUNT(*) AS tp_count FROM `favorite` WHERE ( tid = 9 and isfavor = 1 ) LIMIT 1   [ RunTime:0.0003s ]
SQL: SELECT COUNT(*) AS tp_count FROM `comment` WHERE ( tid = 9 ) LIMIT 1   [ RunTime:0.0003s ]
SQL: SELECT `isfavor` FROM `favorite` WHERE ( aid=1 and tid=9 ) LIMIT 1   [ RunTime:0.0004s ]
SQL: SELECT COUNT(*) AS tp_count FROM `favorite` WHERE ( tid = 8 and isfavor = 1 ) LIMIT 1   [ RunTime:0.0002s ]
SQL: SELECT COUNT(*) AS tp_count FROM `comment` WHERE ( tid = 8 ) LIMIT 1   [ RunTime:0.0002s ]
SQL: SELECT `isfavor` FROM `favorite` WHERE ( aid=1 and tid=8 ) LIMIT 1   [ RunTime:0.0002s ]
SQL: SELECT COUNT(*) AS tp_count FROM `favorite` WHERE ( tid = 7 and isfavor = 1 ) LIMIT 1   [ RunTime:0.0002s ]
SQL: SELECT COUNT(*) AS tp_count FROM `comment` WHERE ( tid = 7 ) LIMIT 1   [ RunTime:0.0002s ]
SQL: SELECT `isfavor` FROM `favorite` WHERE ( aid=1 and tid=7 ) LIMIT 1   [ RunTime:0.0002s ]
SQL: SELECT COUNT(*) AS tp_count FROM `favorite` WHERE ( tid = 6 and isfavor = 1 ) LIMIT 1   [ RunTime:0.0002s ]
SQL: SELECT COUNT(*) AS tp_count FROM `comment` WHERE ( tid = 6 ) LIMIT 1   [ RunTime:0.0001s ]
SQL: SELECT `isfavor` FROM `favorite` WHERE ( aid=1 and tid=6 ) LIMIT 1   [ RunTime:0.0002s ]
SQL: SELECT COUNT(*) AS tp_count FROM `favorite` WHERE ( tid = 5 and isfavor = 1 ) LIMIT 1   [ RunTime:0.0002s ]
SQL: SELECT COUNT(*) AS tp_count FROM `comment` WHERE ( tid = 5 ) LIMIT 1   [ RunTime:0.0002s ]
SQL: SELECT `isfavor` FROM `favorite` WHERE ( aid=1 and tid=5 ) LIMIT 1   [ RunTime:0.0002s ]

[ 2016-07-27T09:31:03+08:00 ] 192.168.11.117 /easysocial/index.php/Home/Public/showTweetRank
INFO: [ app_init ] --START--
INFO: Run Behavior\BuildLiteBehavior [ RunTime:0.000027s ]
INFO: [ app_init ] --END-- [ RunTime:0.000404s ]
INFO: [ app_begin ] --START--
INFO: Run Behavior\ReadHtmlCacheBehavior [ RunTime:0.000481s ]
INFO: [ app_begin ] --END-- [ RunTime:0.000607s ]
SQL: SHOW COLUMNS FROM `tweet` [ RunTime:0.0044s ]
SQL: SHOW COLUMNS FROM `favorite` [ RunTime:0.0041s ]
SQL: SHOW COLUMNS FROM `tweet` [ RunTime:0.0052s ]
SQL: SELECT a.*,b.* FROM tweet as a,account as b WHERE ( a.aid = b.aid )  [ RunTime:0.0010s ]
SQL: SELECT COUNT(*) AS tp_count FROM `favorite` WHERE ( tid = 1 ) LIMIT 1   [ RunTime:0.0003s ]
SQL: SELECT COUNT(*) AS tp_count FROM `favorite` WHERE ( tid = 2 ) LIMIT 1   [ RunTime:0.0002s ]
SQL: SELECT COUNT(*) AS tp_count FROM `favorite` WHERE ( tid = 3 ) LIMIT 1   [ RunTime:0.0002s ]
SQL: SELECT COUNT(*) AS tp_count FROM `favorite` WHERE ( tid = 4 ) LIMIT 1   [ RunTime:0.0002s ]
SQL: SELECT COUNT(*) AS tp_count FROM `favorite` WHERE ( tid = 5 ) LIMIT 1   [ RunTime:0.0001s ]
SQL: SELECT COUNT(*) AS tp_count FROM `favorite` WHERE ( tid = 6 ) LIMIT 1   [ RunTime:0.0001s ]
SQL: SELECT COUNT(*) AS tp_count FROM `favorite` WHERE ( tid = 7 ) LIMIT 1   [ RunTime:0.0001s ]
SQL: SELECT COUNT(*) AS tp_count FROM `favorite` WHERE ( tid = 8 ) LIMIT 1   [ RunTime:0.0001s ]
SQL: SELECT COUNT(*) AS tp_count FROM `favorite` WHERE ( tid = 9 ) LIMIT 1   [ RunTime:0.0001s ]

[ 2016-07-27T09:31:06+08:00 ] 192.168.11.117 /easysocial/index.php/Home/Public/showCommentList
INFO: [ app_init ] --START--
INFO: Run Behavior\BuildLiteBehavior [ RunTime:0.000026s ]
INFO: [ app_init ] --END-- [ RunTime:0.000402s ]
INFO: [ app_begin ] --START--
INFO: Run Behavior\ReadHtmlCacheBehavior [ RunTime:0.000460s ]
INFO: [ app_begin ] --END-- [ RunTime:0.000578s ]
SQL: SHOW COLUMNS FROM `comment` [ RunTime:0.0120s ]
SQL: SELECT COUNT(*) AS tp_count FROM `comment` WHERE ( tid=9 ) LIMIT 1   [ RunTime:0.0003s ]
SQL: SHOW COLUMNS FROM `comment` [ RunTime:0.0092s ]
SQL: SELECT t.*,account.username as pusername FROM ( SELECT * FROM ( SELECT a.cid,a.tid,a.aid,a.pid,a.comment,b.username,b.avatar,a.time FROM comment as a,account as b WHERE ( a.tid=9 and a.aid = b.aid ) ORDER BY a.cid desc  )as a LIMIT 0,5   )as t LEFT JOIN account ON t.pid = account.aid  ORDER BY t.cid desc  [ RunTime:0.0010s ]

[ 2016-07-27T09:31:06+08:00 ] 192.168.11.117 /easysocial/index.php/Home/Public/showCommentList
INFO: [ app_init ] --START--
INFO: Run Behavior\BuildLiteBehavior [ RunTime:0.000036s ]
INFO: [ app_init ] --END-- [ RunTime:0.000483s ]
INFO: [ app_begin ] --START--
INFO: Run Behavior\ReadHtmlCacheBehavior [ RunTime:0.000576s ]
INFO: [ app_begin ] --END-- [ RunTime:0.000698s ]
SQL: SHOW COLUMNS FROM `comment` [ RunTime:0.0100s ]
SQL: SELECT COUNT(*) AS tp_count FROM `comment` WHERE ( tid=9 ) LIMIT 1   [ RunTime:0.0003s ]
SQL: SHOW COLUMNS FROM `comment` [ RunTime:0.0077s ]
SQL: SELECT t.*,account.username as pusername FROM ( SELECT * FROM ( SELECT a.cid,a.tid,a.aid,a.pid,a.comment,b.username,b.avatar,a.time FROM comment as a,account as b WHERE ( a.tid=9 and a.aid = b.aid ) ORDER BY a.cid desc  )as a LIMIT 0,5   )as t LEFT JOIN account ON t.pid = account.aid  ORDER BY t.cid desc  [ RunTime:0.0010s ]

[ 2016-07-27T09:34:29+08:00 ] 192.168.11.117 /easysocial/index.php/Home/Public/showTweet
INFO: [ app_init ] --START--
INFO: Run Behavior\BuildLiteBehavior [ RunTime:0.000029s ]
INFO: [ app_init ] --END-- [ RunTime:0.000436s ]
INFO: [ app_begin ] --START--
INFO: Run Behavior\ReadHtmlCacheBehavior [ RunTime:0.000600s ]
INFO: [ app_begin ] --END-- [ RunTime:0.000727s ]
SQL: SHOW COLUMNS FROM `tweet` [ RunTime:0.1132s ]
SQL: SHOW COLUMNS FROM `account` [ RunTime:0.2193s ]
SQL: SELECT a.*,b.tid,b.content,b.picture,b.create_time,b.pic_width,b.pic_height FROM account as a,tweet as b WHERE ( a.aid = b.aid  ) ORDER BY b.tid desc LIMIT 0,5   [ RunTime:0.0006s ]
SQL: SHOW COLUMNS FROM `account` [ RunTime:0.1982s ]
SQL: SELECT COUNT(*) AS tp_count FROM account as a,tweet as b WHERE ( a.aid = b.aid  ) ORDER BY b.tid LIMIT 1   [ RunTime:0.0003s ]
SQL: SHOW COLUMNS FROM `favorite` [ RunTime:0.2020s ]
SQL: SHOW COLUMNS FROM `comment` [ RunTime:0.0290s ]
SQL: SELECT COUNT(*) AS tp_count FROM `favorite` WHERE ( tid = 9 and isfavor = 1 ) LIMIT 1   [ RunTime:0.0003s ]
SQL: SELECT COUNT(*) AS tp_count FROM `comment` WHERE ( tid = 9 ) LIMIT 1   [ RunTime:0.0002s ]
SQL: SELECT `isfavor` FROM `favorite` WHERE ( aid=1 and tid=9 ) LIMIT 1   [ RunTime:0.0002s ]
SQL: SELECT COUNT(*) AS tp_count FROM `favorite` WHERE ( tid = 8 and isfavor = 1 ) LIMIT 1   [ RunTime:0.0002s ]
SQL: SELECT COUNT(*) AS tp_count FROM `comment` WHERE ( tid = 8 ) LIMIT 1   [ RunTime:0.0002s ]
SQL: SELECT `isfavor` FROM `favorite` WHERE ( aid=1 and tid=8 ) LIMIT 1   [ RunTime:0.0002s ]
SQL: SELECT COUNT(*) AS tp_count FROM `favorite` WHERE ( tid = 7 and isfavor = 1 ) LIMIT 1   [ RunTime:0.0002s ]
SQL: SELECT COUNT(*) AS tp_count FROM `comment` WHERE ( tid = 7 ) LIMIT 1   [ RunTime:0.0002s ]
SQL: SELECT `isfavor` FROM `favorite` WHERE ( aid=1 and tid=7 ) LIMIT 1   [ RunTime:0.0001s ]
SQL: SELECT COUNT(*) AS tp_count FROM `favorite` WHERE ( tid = 6 and isfavor = 1 ) LIMIT 1   [ RunTime:0.0002s ]
SQL: SELECT COUNT(*) AS tp_count FROM `comment` WHERE ( tid = 6 ) LIMIT 1   [ RunTime:0.0001s ]
SQL: SELECT `isfavor` FROM `favorite` WHERE ( aid=1 and tid=6 ) LIMIT 1   [ RunTime:0.0001s ]
SQL: SELECT COUNT(*) AS tp_count FROM `favorite` WHERE ( tid = 5 and isfavor = 1 ) LIMIT 1   [ RunTime:0.0001s ]
SQL: SELECT COUNT(*) AS tp_count FROM `comment` WHERE ( tid = 5 ) LIMIT 1   [ RunTime:0.0001s ]
SQL: SELECT `isfavor` FROM `favorite` WHERE ( aid=1 and tid=5 ) LIMIT 1   [ RunTime:0.0001s ]

[ 2016-07-27T09:34:29+08:00 ] 192.168.11.117 /easysocial/index.php/Home/Public/showTweetRank
INFO: [ app_init ] --START--
INFO: Run Behavior\BuildLiteBehavior [ RunTime:0.000034s ]
INFO: [ app_init ] --END-- [ RunTime:0.000476s ]
INFO: [ app_begin ] --START--
INFO: Run Behavior\ReadHtmlCacheBehavior [ RunTime:0.000533s ]
INFO: [ app_begin ] --END-- [ RunTime:0.000666s ]
SQL: SHOW COLUMNS FROM `tweet` [ RunTime:0.0814s ]
SQL: SHOW COLUMNS FROM `favorite` [ RunTime:0.1718s ]
SQL: SHOW COLUMNS FROM `tweet` [ RunTime:0.0052s ]
SQL: SELECT a.*,b.* FROM tweet as a,account as b WHERE ( a.aid = b.aid )  [ RunTime:0.0004s ]
SQL: SELECT COUNT(*) AS tp_count FROM `favorite` WHERE ( tid = 1 ) LIMIT 1   [ RunTime:0.0002s ]
SQL: SELECT COUNT(*) AS tp_count FROM `favorite` WHERE ( tid = 2 ) LIMIT 1   [ RunTime:0.0001s ]
SQL: SELECT COUNT(*) AS tp_count FROM `favorite` WHERE ( tid = 3 ) LIMIT 1   [ RunTime:0.0001s ]
SQL: SELECT COUNT(*) AS tp_count FROM `favorite` WHERE ( tid = 4 ) LIMIT 1   [ RunTime:0.0001s ]
SQL: SELECT COUNT(*) AS tp_count FROM `favorite` WHERE ( tid = 5 ) LIMIT 1   [ RunTime:0.0001s ]
SQL: SELECT COUNT(*) AS tp_count FROM `favorite` WHERE ( tid = 6 ) LIMIT 1   [ RunTime:0.0001s ]
SQL: SELECT COUNT(*) AS tp_count FROM `favorite` WHERE ( tid = 7 ) LIMIT 1   [ RunTime:0.0001s ]
SQL: SELECT COUNT(*) AS tp_count FROM `favorite` WHERE ( tid = 8 ) LIMIT 1   [ RunTime:0.0001s ]
SQL: SELECT COUNT(*) AS tp_count FROM `favorite` WHERE ( tid = 9 ) LIMIT 1   [ RunTime:0.0001s ]

[ 2016-07-27T09:36:18+08:00 ] 192.168.11.117 /easysocial/index.php/Home/Public/showCommentList
INFO: [ app_init ] --START--
INFO: Run Behavior\BuildLiteBehavior [ RunTime:0.000032s ]
INFO: [ app_init ] --END-- [ RunTime:0.000449s ]
INFO: [ app_begin ] --START--
INFO: Run Behavior\ReadHtmlCacheBehavior [ RunTime:0.000790s ]
INFO: [ app_begin ] --END-- [ RunTime:0.001065s ]
SQL: SHOW COLUMNS FROM `comment` [ RunTime:0.0093s ]
SQL: SELECT COUNT(*) AS tp_count FROM `comment` WHERE ( tid=9 ) LIMIT 1   [ RunTime:0.0003s ]
SQL: SHOW COLUMNS FROM `comment` [ RunTime:0.0034s ]
SQL: SELECT t.*,account.username as pusername FROM ( SELECT * FROM ( SELECT a.cid,a.tid,a.aid,a.pid,a.comment,b.username,b.avatar,a.time FROM comment as a,account as b WHERE ( a.tid=9 and a.aid = b.aid ) ORDER BY a.cid desc  )as a LIMIT 0,5   )as t LEFT JOIN account ON t.pid = account.aid  ORDER BY t.cid desc  [ RunTime:0.0010s ]

[ 2016-07-27T09:36:18+08:00 ] 192.168.11.117 /easysocial/index.php/Home/Public/showCommentList
INFO: [ app_init ] --START--
INFO: Run Behavior\BuildLiteBehavior [ RunTime:0.000026s ]
INFO: [ app_init ] --END-- [ RunTime:0.000409s ]
INFO: [ app_begin ] --START--
INFO: Run Behavior\ReadHtmlCacheBehavior [ RunTime:0.000536s ]
INFO: [ app_begin ] --END-- [ RunTime:0.000654s ]
SQL: SHOW COLUMNS FROM `comment` [ RunTime:0.0042s ]
SQL: SELECT COUNT(*) AS tp_count FROM `comment` WHERE ( tid=9 ) LIMIT 1   [ RunTime:0.0002s ]
SQL: SHOW COLUMNS FROM `comment` [ RunTime:0.0049s ]
SQL: SELECT t.*,account.username as pusername FROM ( SELECT * FROM ( SELECT a.cid,a.tid,a.aid,a.pid,a.comment,b.username,b.avatar,a.time FROM comment as a,account as b WHERE ( a.tid=9 and a.aid = b.aid ) ORDER BY a.cid desc  )as a LIMIT 0,5   )as t LEFT JOIN account ON t.pid = account.aid  ORDER BY t.cid desc  [ RunTime:0.0008s ]

