[ 2016-06-29T10:34:05+08:00 ] 192.168.11.117 /easysocial/index.php/Public/
INFO: [ app_init ] --START--
INFO: Run Behavior\BuildLiteBehavior [ RunTime:0.000039s ]
INFO: [ app_init ] --END-- [ RunTime:0.001040s ]
ERR: 无法加载模块:Public

[ 2016-06-29T10:40:27+08:00 ] 192.168.11.117 /easysocial/index.php/HomePublic/showTweet
INFO: [ app_init ] --START--
INFO: Run Behavior\BuildLiteBehavior [ RunTime:0.000026s ]
INFO: [ app_init ] --END-- [ RunTime:0.000392s ]
ERR: 无法加载模块:HomePublic

[ 2016-06-29T10:40:27+08:00 ] 192.168.11.117 /easysocial/index.php/HomePublic/showTweetRank
INFO: [ app_init ] --START--
INFO: Run Behavior\BuildLiteBehavior [ RunTime:0.000025s ]
INFO: [ app_init ] --END-- [ RunTime:0.000387s ]
ERR: 无法加载模块:HomePublic

[ 2016-06-29T10:40:49+08:00 ] 192.168.11.117 /easysocial/index.php/HomePublic/showTweet
INFO: [ app_init ] --START--
INFO: Run Behavior\BuildLiteBehavior [ RunTime:0.000028s ]
INFO: [ app_init ] --END-- [ RunTime:0.000413s ]
ERR: 无法加载模块:HomePublic

